#
# A fatal error has been detected by the Java Runtime Environment:
#
#  SIGSEGV (0xb) at pc=0x00007fb493037420, pid=7270, tid=140415392663296
#
# JRE version: 6.0_24-b24
# Java VM: OpenJDK 64-Bit Server VM (20.0-b12 mixed mode linux-amd64 compressed oops)
# Derivative: IcedTea6 1.11.1
# Distribution: Ubuntu 12.04 LTS, package 6b24-1.11.1-4ubuntu3
# Problematic frame:
# C  0x00007fb493037420
[error occurred during error reporting (printing problematic frame), id 0xb]

# If you would like to submit a bug report, please include
# instructions how to reproduce the bug and visit:
#   https://bugs.launchpad.net/ubuntu/+source/openjdk-6/
#

---------------  T H R E A D  ---------------

Current thread (0x00007fb4f8008800):  JavaThread "main" [_thread_in_Java, id=7271, stack(0x00007fb50189c000,0x00007fb50199d000)]

siginfo:si_signo=SIGSEGV: si_errno=0, si_code=1 (SEGV_MAPERR), si_addr=0x00007fb493037420

Registers:
RAX=0x00000000986f0798, RBX=0x00000000988975d8, RCX=0x00000000e0f0ff80, RDX=0x0000000098cb26d8
RSP=0x00007fb50199a468, RBP=0x00007fb50199a610, RSI=0x00000000e1240530, RDI=0x00000000e12099f8
R8 =0x00000000e0f0ff80, R9 =0x00000000e1240600, R10=0x0000000098897740, R11=0x00000000000004a0
R12=0x0000000000000000, R13=0x00007fb50199a5c0, R14=0x00007fb50199a6a8, R15=0x00007fb4f8008800
RIP=0x00007fb493037420, EFLAGS=0x0000000000010246, CSGSFS=0x0000000000000033, ERR=0x0000000000000014
  TRAPNO=0x000000000000000e

Top of Stack: (sp=0x00007fb50199a468)
0x00007fb50199a468:   00007fb4f213c5ac 00000000e11c3238
0x00007fb50199a478:   00000000e0e4e228 00000000e12406c0
0x00007fb50199a488:   00007fb4f21503fc 00000000e12099f8
0x00007fb50199a498:   0000000000000019 00000000e12404e8
0x00007fb50199a4a8:   00007fb4f214e0c9 00007fb50199a610
0x00007fb50199a4b8:   00007fb4f21477dc 00000000988974d8
0x00007fb50199a4c8:   0000000000000000 00000000e0e43bc0
0x00007fb50199a4d8:   00000000e0e4e228 0000000000000001
0x00007fb50199a4e8:   00000000e0ebfc90 00007fb50199a610
0x00007fb50199a4f8:   00007fb4f21454bc 0000000000000000
0x00007fb50199a508:   00007fb4f2019202 00007fb50199a610
0x00007fb50199a518:   00000000e1240768 00007fb50199a610
0x00007fb50199a528:   00007fb4f213d724 00000000e11c0500
0x00007fb50199a538:   00007fb4f21503fc 00000000e0ebfc90
0x00007fb50199a548:   00000000e0f1c268 00000000e0e41a60
0x00007fb50199a558:   00007fb4f214a4dc 00007fb50199a610
0x00007fb50199a568:   00007fb4f213dbb4 ffffffffffffffff
0x00007fb50199a578:   00000000986c57b8 00007fb50199a610
0x00007fb50199a588:   00007fb4f2140f9c 00007fb50199a610
0x00007fb50199a598:   00007fb4f200596e 00007fb50199a610
0x00007fb50199a5a8:   00007fb4f2005e8d 00007fb50199a610
0x00007fb50199a5b8:   00007fb4f2005e8d 00000000e1240570
0x00007fb50199a5c8:   00000000e0f0ff80 00007fb50199a5d0
0x00007fb50199a5d8:   0000000098a812fa 00007fb50199a6a8
0x00007fb50199a5e8:   0000000098a81d58 0000000000000000
0x00007fb50199a5f8:   0000000098a81490 00007fb50199a5c0
0x00007fb50199a608:   00007fb50199a698 00007fb50199a6f0
0x00007fb50199a618:   00007fb4f20059b3 0000000000000000
0x00007fb50199a628:   0000000000000000 0000000000000000
0x00007fb50199a638:   0000000000000000 0000000000000000
0x00007fb50199a648:   0000000000000000 0000000000000000
0x00007fb50199a658:   0000000000000000 00000000e1240570 

Instructions: (pc=0x00007fb493037420)
0x00007fb493037400:   
[error occurred during error reporting (printing registers, top of stack, instructions near pc), id 0xb]

Register to memory mapping:

RAX=0x00000000986f0798 is an oop
{instance class} 
 - klass: {other class}
RBX=0x00000000988975d8 is an oop
{method} 
 - klass: {other class}
RCX=0x00000000e0f0ff80 is an oop
clojure.core$next 
 - klass: 'clojure/core$next'
RDX=0x0000000098cb26d8 is an oop
{method data} 
 - klass: {other class}
RSP=0x00007fb50199a468 is pointing into the stack for thread: 0x00007fb4f8008800
RBP=0x00007fb50199a610 is pointing into the stack for thread: 0x00007fb4f8008800
RSI=0x00000000e1240530 is an oop
clojure.lang.PersistentHashMap$NodeSeq 
 - klass: 'clojure/lang/PersistentHashMap$NodeSeq'
RDI=0x00000000e12099f8 is an oop
[Lclojure.lang.PersistentHashMap$INode; 
 - klass: 'clojure/lang/PersistentHashMap$INode'[]
 - length: 32
R8 =0x00000000e0f0ff80 is an oop
clojure.core$next 
 - klass: 'clojure/core$next'
R9 =0x00000000e1240600 is an oop
[Ljava.lang.Object; 
 - klass: 'java/lang/Object'[]
 - length: 8
R10=0x0000000098897740 is an oop
{instance class} 
 - klass: {other class}
R11=0x00000000000004a0 is an unknown value
R12=0x0000000000000000 is an unknown value
R13=0x00007fb50199a5c0 is pointing into the stack for thread: 0x00007fb4f8008800
R14=0x00007fb50199a6a8 is pointing into the stack for thread: 0x00007fb4f8008800
R15=0x00007fb4f8008800 is a thread


Stack: [0x00007fb50189c000,0x00007fb50199d000],  sp=0x00007fb50199a468,  free space=1017k
Native frames: (J=compiled Java code, j=interpreted, Vv=VM code, C=native code)
C  0x00007fb493037420
[error occurred during error reporting (printing native stack), id 0xb]


---------------  P R O C E S S  ---------------

Java Threads: ( => current thread )
  0x00007fb4f80a5000 JavaThread "Low Memory Detector" daemon [_thread_blocked, id=7281, stack(0x00007fb4fcb06000,0x00007fb4fcc07000)]
  0x00007fb4f80a3000 JavaThread "C1 CompilerThread2" daemon [_thread_blocked, id=7280, stack(0x00007fb4fcc07000,0x00007fb4fcd08000)]
  0x00007fb4f80a1000 JavaThread "C2 CompilerThread1" daemon [_thread_in_native, id=7279, stack(0x00007fb4fcd08000,0x00007fb4fce09000)]
  0x00007fb4f809e000 JavaThread "C2 CompilerThread0" daemon [_thread_in_native, id=7278, stack(0x00007fb4fce09000,0x00007fb4fcf0a000)]
  0x00007fb4f8090000 JavaThread "Signal Dispatcher" daemon [_thread_blocked, id=7277, stack(0x00007fb4fcf0a000,0x00007fb4fd00b000)]
  0x00007fb4f807d800 JavaThread "Finalizer" daemon [_thread_blocked, id=7276, stack(0x00007fb4fd6ee000,0x00007fb4fd7ef000)]
  0x00007fb4f807b800 JavaThread "Reference Handler" daemon [_thread_blocked, id=7275, stack(0x00007fb4fd7ef000,0x00007fb4fd8f0000)]
=>0x00007fb4f8008800 JavaThread "main" [_thread_in_Java, id=7271, stack(0x00007fb50189c000,0x00007fb50199d000)]

Other Threads:
  0x00007fb4f8075000 VMThread [stack: 0x00007fb4fd8f0000,0x00007fb4fd9f1000] [id=7274]
  0x00007fb4f80a8000 WatcherThread [stack: 0x00007fb4fca05000,0x00007fb4fcb06000] [id=7282]

VM state:not at safepoint (normal execution)

VM Mutex/Monitor currently owned by a thread: None

Heap
 PSYoungGen      total 27840K, used 4774K [0x00000000e0e00000, 0x00000000e2d10000, 0x0000000100000000)
  eden space 23872K, 20% used [0x00000000e0e00000,0x00000000e12a9a98,0x00000000e2550000)
  from space 3968K, 0% used [0x00000000e2930000,0x00000000e2930000,0x00000000e2d10000)
  to   space 3968K, 0% used [0x00000000e2550000,0x00000000e2550000,0x00000000e2930000)
 PSOldGen        total 63744K, used 0K [0x00000000a2a00000, 0x00000000a6840000, 0x00000000e0e00000)
  object space 63744K, 0% used [0x00000000a2a00000,0x00000000a2a00000,0x00000000a6840000)
 PSPermGen       total 21248K, used 10252K [0x0000000098400000, 0x00000000998c0000, 0x00000000a2a00000)
  object space 21248K, 48% used [0x0000000098400000,0x0000000098e03098,0x00000000998c0000)

Code Cache  [0x00007fb4f2000000, 0x00007fb4f2270000, 0x00007fb4f8000000)
 total_blobs=537 nmethods=287 adapters=172 free_code_cache=99199616 largest_free_block=15552

Dynamic libraries:
00400000-00409000 r-xp 00000000 08:21 4068246                            /usr/lib/jvm/java-6-openjdk-amd64/jre/bin/java
00608000-00609000 r--p 00008000 08:21 4068246                            /usr/lib/jvm/java-6-openjdk-amd64/jre/bin/java
00609000-0060a000 rw-p 00009000 08:21 4068246                            /usr/lib/jvm/java-6-openjdk-amd64/jre/bin/java
01c5b000-01c7c000 rw-p 00000000 00:00 0                                  [heap]
98400000-998c0000 rw-p 00000000 00:00 0 
998c0000-a2a00000 rw-p 00000000 00:00 0 
a2a00000-a6840000 rw-p 00000000 00:00 0 
a6840000-e0e00000 rw-p 00000000 00:00 0 
e0e00000-e2d10000 rw-p 00000000 00:00 0 
e2d10000-100000000 rw-p 00000000 00:00 0 
7fb4c4000000-7fb4c4021000 rw-p 00000000 00:00 0 
7fb4c4021000-7fb4c8000000 ---p 00000000 00:00 0 
7fb4c8000000-7fb4c8021000 rw-p 00000000 00:00 0 
7fb4c8021000-7fb4cc000000 ---p 00000000 00:00 0 
7fb4cc000000-7fb4cc2c6000 rw-p 00000000 00:00 0 
7fb4cc2c6000-7fb4d0000000 ---p 00000000 00:00 0 
7fb4d0000000-7fb4d01c0000 rw-p 00000000 00:00 0 
7fb4d01c0000-7fb4d4000000 ---p 00000000 00:00 0 
7fb4d4000000-7fb4d4021000 rw-p 00000000 00:00 0 
7fb4d4021000-7fb4d8000000 ---p 00000000 00:00 0 
7fb4d8000000-7fb4d8275000 rw-p 00000000 00:00 0 
7fb4d8275000-7fb4dc000000 ---p 00000000 00:00 0 
7fb4dc000000-7fb4dc021000 rw-p 00000000 00:00 0 
7fb4dc021000-7fb4e0000000 ---p 00000000 00:00 0 
7fb4e0000000-7fb4e0021000 rw-p 00000000 00:00 0 
7fb4e0021000-7fb4e4000000 ---p 00000000 00:00 0 
7fb4e4000000-7fb4e4021000 rw-p 00000000 00:00 0 
7fb4e4021000-7fb4e8000000 ---p 00000000 00:00 0 
7fb4e8000000-7fb4e8021000 rw-p 00000000 00:00 0 
7fb4e8021000-7fb4ec000000 ---p 00000000 00:00 0 
7fb4ec000000-7fb4ec021000 rw-p 00000000 00:00 0 
7fb4ec021000-7fb4f0000000 ---p 00000000 00:00 0 
7fb4f2000000-7fb4f2270000 rwxp 00000000 00:00 0 
7fb4f2270000-7fb4f8258000 rw-p 00000000 00:00 0 
7fb4f8258000-7fb4fc000000 ---p 00000000 00:00 0 
7fb4fc9fe000-7fb4fca05000 r--s 000fb000 08:21 2228765                    /usr/lib/jvm/java-6-openjdk-common/jre/lib/resources.jar
7fb4fca05000-7fb4fca06000 ---p 00000000 00:00 0 
7fb4fca06000-7fb4fcb06000 rw-p 00000000 00:00 0 
7fb4fcb06000-7fb4fcb09000 ---p 00000000 00:00 0 
7fb4fcb09000-7fb4fcc07000 rw-p 00000000 00:00 0 
7fb4fcc07000-7fb4fcc0a000 ---p 00000000 00:00 0 
7fb4fcc0a000-7fb4fcd08000 rw-p 00000000 00:00 0 
7fb4fcd08000-7fb4fcd0b000 ---p 00000000 00:00 0 
7fb4fcd0b000-7fb4fce09000 rw-p 00000000 00:00 0 
7fb4fce09000-7fb4fce0c000 ---p 00000000 00:00 0 
7fb4fce0c000-7fb4fcf0a000 rw-p 00000000 00:00 0 
7fb4fcf0a000-7fb4fcf0d000 ---p 00000000 00:00 0 
7fb4fcf0d000-7fb4fd00b000 rw-p 00000000 00:00 0 
7fb4fd00b000-7fb4fd6ee000 r--p 00000000 08:21 1841926                    /usr/lib/locale/locale-archive
7fb4fd6ee000-7fb4fd6f1000 ---p 00000000 00:00 0 
7fb4fd6f1000-7fb4fd7ef000 rw-p 00000000 00:00 0 
7fb4fd7ef000-7fb4fd7f2000 ---p 00000000 00:00 0 
7fb4fd7f2000-7fb4fd8f0000 rw-p 00000000 00:00 0 
7fb4fd8f0000-7fb4fd8f1000 ---p 00000000 00:00 0 
7fb4fd8f1000-7fb4fdcf4000 rw-p 00000000 00:00 0 
7fb4fdcf4000-7fb4fde84000 r--s 037ba000 08:21 4068174                    /usr/lib/jvm/java-6-openjdk-amd64/jre/lib/rt.jar
7fb4fde84000-7fb4fde85000 ---p 00000000 00:00 0 
7fb4fde85000-7fb4fdf85000 rw-p 00000000 00:00 0 
7fb4fdf85000-7fb4fdf86000 ---p 00000000 00:00 0 
7fb4fdf86000-7fb4fe0a6000 rw-p 00000000 00:00 0 
7fb4fe0a6000-7fb4fe278000 rw-p 00000000 00:00 0 
7fb4fe278000-7fb4fe283000 rw-p 00000000 00:00 0 
7fb4fe283000-7fb4fe2cb000 rw-p 00000000 00:00 0 
7fb4fe2cb000-7fb4fe2eb000 rw-p 00000000 00:00 0 
7fb4fe2eb000-7fb4fe4bd000 rw-p 00000000 00:00 0 
7fb4fe4bd000-7fb4fe4cd000 rw-p 00000000 00:00 0 
7fb4fe4cd000-7fb4fe5b6000 rw-p 00000000 00:00 0 
7fb4fe5b6000-7fb4fe5c1000 rw-p 00000000 00:00 0 
7fb4fe5c1000-7fb4fe737000 rw-p 00000000 00:00 0 
7fb4fe737000-7fb4fe73e000 r-xp 00000000 08:21 4068211                    /usr/lib/jvm/java-6-openjdk-amd64/jre/lib/amd64/libzip.so
7fb4fe73e000-7fb4fe93d000 ---p 00007000 08:21 4068211                    /usr/lib/jvm/java-6-openjdk-amd64/jre/lib/amd64/libzip.so
7fb4fe93d000-7fb4fe93e000 r--p 00006000 08:21 4068211                    /usr/lib/jvm/java-6-openjdk-amd64/jre/lib/amd64/libzip.so
7fb4fe93e000-7fb4fe93f000 rw-p 00007000 08:21 4068211                    /usr/lib/jvm/java-6-openjdk-amd64/jre/lib/amd64/libzip.so
7fb4fe93f000-7fb4fe94b000 r-xp 00000000 08:21 2895147                    /lib/x86_64-linux-gnu/libnss_files-2.15.so
7fb4fe94b000-7fb4feb4a000 ---p 0000c000 08:21 2895147                    /lib/x86_64-linux-gnu/libnss_files-2.15.so
7fb4feb4a000-7fb4feb4b000 r--p 0000b000 08:21 2895147                    /lib/x86_64-linux-gnu/libnss_files-2.15.so
7fb4feb4b000-7fb4feb4c000 rw-p 0000c000 08:21 2895147                    /lib/x86_64-linux-gnu/libnss_files-2.15.so
7fb4feb4c000-7fb4feb56000 r-xp 00000000 08:21 2895148                    /lib/x86_64-linux-gnu/libnss_nis-2.15.so
7fb4feb56000-7fb4fed56000 ---p 0000a000 08:21 2895148                    /lib/x86_64-linux-gnu/libnss_nis-2.15.so
7fb4fed56000-7fb4fed57000 r--p 0000a000 08:21 2895148                    /lib/x86_64-linux-gnu/libnss_nis-2.15.so
7fb4fed57000-7fb4fed58000 rw-p 0000b000 08:21 2895148                    /lib/x86_64-linux-gnu/libnss_nis-2.15.so
7fb4fed58000-7fb4fed6f000 r-xp 00000000 08:21 2884531                    /lib/x86_64-linux-gnu/libnsl-2.15.so
7fb4fed6f000-7fb4fef6e000 ---p 00017000 08:21 2884531                    /lib/x86_64-linux-gnu/libnsl-2.15.so
7fb4fef6e000-7fb4fef6f000 r--p 00016000 08:21 2884531                    /lib/x86_64-linux-gnu/libnsl-2.15.so
7fb4fef6f000-7fb4fef70000 rw-p 00017000 08:21 2884531                    /lib/x86_64-linux-gnu/libnsl-2.15.so
7fb4fef70000-7fb4fef72000 rw-p 00000000 00:00 0 
7fb4fef72000-7fb4fef7a000 r-xp 00000000 08:21 2895150                    /lib/x86_64-linux-gnu/libnss_compat-2.15.so
7fb4fef7a000-7fb4ff179000 ---p 00008000 08:21 2895150                    /lib/x86_64-linux-gnu/libnss_compat-2.15.so
7fb4ff179000-7fb4ff17a000 r--p 00007000 08:21 2895150                    /lib/x86_64-linux-gnu/libnss_compat-2.15.so
7fb4ff17a000-7fb4ff17b000 rw-p 00008000 08:21 2895150                    /lib/x86_64-linux-gnu/libnss_compat-2.15.so
7fb4ff17b000-7fb4ff1a7000 r-xp 00000000 08:21 4068194                    /usr/lib/jvm/java-6-openjdk-amd64/jre/lib/amd64/libjava.so
7fb4ff1a7000-7fb4ff3a6000 ---p 0002c000 08:21 4068194                    /usr/lib/jvm/java-6-openjdk-amd64/jre/lib/amd64/libjava.so
7fb4ff3a6000-7fb4ff3a7000 r--p 0002b000 08:21 4068194                    /usr/lib/jvm/java-6-openjdk-amd64/jre/lib/amd64/libjava.so
7fb4ff3a7000-7fb4ff3aa000 rw-p 0002c000 08:21 4068194                    /usr/lib/jvm/java-6-openjdk-amd64/jre/lib/amd64/libjava.so
7fb4ff3aa000-7fb4ff3b8000 r-xp 00000000 08:21 4068210                    /usr/lib/jvm/java-6-openjdk-amd64/jre/lib/amd64/libverify.so
7fb4ff3b8000-7fb4ff5b7000 ---p 0000e000 08:21 4068210                    /usr/lib/jvm/java-6-openjdk-amd64/jre/lib/amd64/libverify.so
7fb4ff5b7000-7fb4ff5b9000 r--p 0000d000 08:21 4068210                    /usr/lib/jvm/java-6-openjdk-amd64/jre/lib/amd64/libverify.so
7fb4ff5b9000-7fb4ff5ba000 rw-p 0000f000 08:21 4068210                    /usr/lib/jvm/java-6-openjdk-amd64/jre/lib/amd64/libverify.so
7fb4ff5ba000-7fb4ff5c1000 r-xp 00000000 08:21 2887277                    /lib/x86_64-linux-gnu/librt-2.15.so
7fb4ff5c1000-7fb4ff7c0000 ---p 00007000 08:21 2887277                    /lib/x86_64-linux-gnu/librt-2.15.so
7fb4ff7c0000-7fb4ff7c1000 r--p 00006000 08:21 2887277                    /lib/x86_64-linux-gnu/librt-2.15.so
7fb4ff7c1000-7fb4ff7c2000 rw-p 00007000 08:21 2887277                    /lib/x86_64-linux-gnu/librt-2.15.so
7fb4ff7c2000-7fb4ff7d7000 r-xp 00000000 08:21 2887446                    /lib/x86_64-linux-gnu/libgcc_s.so.1
7fb4ff7d7000-7fb4ff9d6000 ---p 00015000 08:21 2887446                    /lib/x86_64-linux-gnu/libgcc_s.so.1
7fb4ff9d6000-7fb4ff9d7000 r--p 00014000 08:21 2887446                    /lib/x86_64-linux-gnu/libgcc_s.so.1
7fb4ff9d7000-7fb4ff9d8000 rw-p 00015000 08:21 2887446                    /lib/x86_64-linux-gnu/libgcc_s.so.1
7fb4ff9d8000-7fb4ffad1000 r-xp 00000000 08:21 2883652                    /lib/x86_64-linux-gnu/libm-2.15.so
7fb4ffad1000-7fb4ffcd0000 ---p 000f9000 08:21 2883652                    /lib/x86_64-linux-gnu/libm-2.15.so
7fb4ffcd0000-7fb4ffcd1000 r--p 000f8000 08:21 2883652                    /lib/x86_64-linux-gnu/libm-2.15.so
7fb4ffcd1000-7fb4ffcd2000 rw-p 000f9000 08:21 2883652                    /lib/x86_64-linux-gnu/libm-2.15.so
7fb4ffcd2000-7fb4ffdb4000 r-xp 00000000 08:21 1835353                    /usr/lib/x86_64-linux-gnu/libstdc++.so.6.0.16
7fb4ffdb4000-7fb4fffb3000 ---p 000e2000 08:21 1835353                    /usr/lib/x86_64-linux-gnu/libstdc++.so.6.0.16
7fb4fffb3000-7fb4fffbb000 r--p 000e1000 08:21 1835353                    /usr/lib/x86_64-linux-gnu/libstdc++.so.6.0.16
7fb4fffbb000-7fb4fffbd000 rw-p 000e9000 08:21 1835353                    /usr/lib/x86_64-linux-gnu/libstdc++.so.6.0.16
7fb4fffbd000-7fb4fffd2000 rw-p 00000000 00:00 0 
7fb4fffd2000-7fb5008d6000 r-xp 00000000 08:21 4068215                    /usr/lib/jvm/java-6-openjdk-amd64/jre/lib/amd64/server/libjvm.so
7fb5008d6000-7fb500ad6000 ---p 00904000 08:21 4068215                    /usr/lib/jvm/java-6-openjdk-amd64/jre/lib/amd64/server/libjvm.so
7fb500ad6000-7fb500b56000 r--p 00904000 08:21 4068215                    /usr/lib/jvm/java-6-openjdk-amd64/jre/lib/amd64/server/libjvm.so
7fb500b56000-7fb500b71000 rw-p 00984000 08:21 4068215                    /usr/lib/jvm/java-6-openjdk-amd64/jre/lib/amd64/server/libjvm.so
7fb500b71000-7fb500b9a000 rw-p 00000000 00:00 0 
7fb500b9a000-7fb500bb0000 r-xp 00000000 08:21 2887455                    /lib/x86_64-linux-gnu/libz.so.1.2.3.4
7fb500bb0000-7fb500daf000 ---p 00016000 08:21 2887455                    /lib/x86_64-linux-gnu/libz.so.1.2.3.4
7fb500daf000-7fb500db0000 r--p 00015000 08:21 2887455                    /lib/x86_64-linux-gnu/libz.so.1.2.3.4
7fb500db0000-7fb500db1000 rw-p 00016000 08:21 2887455                    /lib/x86_64-linux-gnu/libz.so.1.2.3.4
7fb500db1000-7fb500f64000 r-xp 00000000 08:21 2883653                    /lib/x86_64-linux-gnu/libc-2.15.so
7fb500f64000-7fb501163000 ---p 001b3000 08:21 2883653                    /lib/x86_64-linux-gnu/libc-2.15.so
7fb501163000-7fb501167000 r--p 001b2000 08:21 2883653                    /lib/x86_64-linux-gnu/libc-2.15.so
7fb501167000-7fb501169000 rw-p 001b6000 08:21 2883653                    /lib/x86_64-linux-gnu/libc-2.15.so
7fb501169000-7fb50116e000 rw-p 00000000 00:00 0 
7fb50116e000-7fb501170000 r-xp 00000000 08:21 2895154                    /lib/x86_64-linux-gnu/libdl-2.15.so
7fb501170000-7fb501370000 ---p 00002000 08:21 2895154                    /lib/x86_64-linux-gnu/libdl-2.15.so
7fb501370000-7fb501371000 r--p 00002000 08:21 2895154                    /lib/x86_64-linux-gnu/libdl-2.15.so
7fb501371000-7fb501372000 rw-p 00003000 08:21 2895154                    /lib/x86_64-linux-gnu/libdl-2.15.so
7fb501372000-7fb501376000 r-xp 00000000 08:21 4068182                    /usr/lib/jvm/java-6-openjdk-amd64/jre/lib/amd64/jli/libjli.so
7fb501376000-7fb501575000 ---p 00004000 08:21 4068182                    /usr/lib/jvm/java-6-openjdk-amd64/jre/lib/amd64/jli/libjli.so
7fb501575000-7fb501576000 r--p 00003000 08:21 4068182                    /usr/lib/jvm/java-6-openjdk-amd64/jre/lib/amd64/jli/libjli.so
7fb501576000-7fb501577000 rw-p 00004000 08:21 4068182                    /usr/lib/jvm/java-6-openjdk-amd64/jre/lib/amd64/jli/libjli.so
7fb501577000-7fb50158f000 r-xp 00000000 08:21 2895158                    /lib/x86_64-linux-gnu/libpthread-2.15.so
7fb50158f000-7fb50178e000 ---p 00018000 08:21 2895158                    /lib/x86_64-linux-gnu/libpthread-2.15.so
7fb50178e000-7fb50178f000 r--p 00017000 08:21 2895158                    /lib/x86_64-linux-gnu/libpthread-2.15.so
7fb50178f000-7fb501790000 rw-p 00018000 08:21 2895158                    /lib/x86_64-linux-gnu/libpthread-2.15.so
7fb501790000-7fb501794000 rw-p 00000000 00:00 0 
7fb501794000-7fb5017b6000 r-xp 00000000 08:21 2884529                    /lib/x86_64-linux-gnu/ld-2.15.so
7fb5017bd000-7fb5017bf000 r--s 00008000 08:21 2110221                    /usr/share/java/asm3-commons-3.3.2.jar
7fb5017bf000-7fb5017c0000 r--s 0000a000 08:21 2110219                    /usr/share/java/asm3-3.3.2.jar
7fb5017c0000-7fb5017ee000 r--s 002d2000 08:21 2110235                    /usr/share/java/clojure-1.2.1.jar
7fb5017ee000-7fb501854000 rw-p 00000000 00:00 0 
7fb501854000-7fb50189c000 rw-p 00000000 00:00 0 
7fb50189c000-7fb50189f000 ---p 00000000 00:00 0 
7fb50189f000-7fb5019a2000 rw-p 00000000 00:00 0 
7fb5019aa000-7fb5019b2000 rw-s 00000000 08:21 3148943                    /tmp/hsperfdata_gjcourt/7270
7fb5019b2000-7fb5019b3000 rw-p 00000000 00:00 0 
7fb5019b3000-7fb5019b4000 r--p 00000000 00:00 0 
7fb5019b4000-7fb5019b6000 rw-p 00000000 00:00 0 
7fb5019b6000-7fb5019b7000 r--p 00022000 08:21 2884529                    /lib/x86_64-linux-gnu/ld-2.15.so
7fb5019b7000-7fb5019b9000 rw-p 00023000 08:21 2884529                    /lib/x86_64-linux-gnu/ld-2.15.so
7fff5b89c000-7fff5b8be000 rw-p 00000000 00:00 0                          [stack]
7fff5b9ff000-7fff5ba00000 r-xp 00000000 00:00 0                          [vdso]
ffffffffff600000-ffffffffff601000 r-xp 00000000 00:00 0                  [vsyscall]

VM Arguments:
jvm_args: -Xbootclasspath/a:/usr/share/java/clojure-1.2.jar:/usr/share/java/asm3.jar:/usr/share/java/asm3-commons.jar -XX:+TieredCompilation -Dleiningen.original.pwd=/media/storage/Dropbox/projects/parkmate/parkmate -Dleiningen.trampoline-file=/tmp/lein-trampoline-7247 
java_command: clojure.main -e (use 'leiningen.core)(-main) /dev/null repl
Launcher Type: SUN_STANDARD

Environment Variables:
PATH=/usr/lib/lightdm/lightdm:/usr/local/sbin:/usr/local/bin:/usr/sbin:/usr/bin:/sbin:/bin:/usr/games
LD_LIBRARY_PATH=/usr/lib/jvm/java-6-openjdk-amd64/jre/lib/amd64/server:/usr/lib/jvm/java-6-openjdk-amd64/jre/lib/amd64:/usr/lib/jvm/java-6-openjdk-amd64/jre/../lib/amd64
SHELL=/bin/bash
DISPLAY=:0

Signal Handlers:
SIGSEGV: [libjvm.so+0x7842c0], sa_mask[0]=0x7ffbfeff, sa_flags=0x10000004
SIGBUS: [libjvm.so+0x7842c0], sa_mask[0]=0x7ffbfeff, sa_flags=0x10000004
SIGFPE: [libjvm.so+0x648540], sa_mask[0]=0x7ffbfeff, sa_flags=0x10000004
SIGPIPE: [libjvm.so+0x648540], sa_mask[0]=0x7ffbfeff, sa_flags=0x10000004
SIGXFSZ: [libjvm.so+0x648540], sa_mask[0]=0x7ffbfeff, sa_flags=0x10000004
SIGILL: [libjvm.so+0x648540], sa_mask[0]=0x7ffbfeff, sa_flags=0x10000004
SIGUSR1: SIG_DFL, sa_mask[0]=0x00000000, sa_flags=0x00000000
SIGUSR2: [libjvm.so+0x6486f0], sa_mask[0]=0x00000000, sa_flags=0x10000004
SIGHUP: [libjvm.so+0x64b210], sa_mask[0]=0x7ffbfeff, sa_flags=0x10000004
SIGINT: [libjvm.so+0x64b210], sa_mask[0]=0x7ffbfeff, sa_flags=0x10000004
SIGTERM: [libjvm.so+0x64b210], sa_mask[0]=0x7ffbfeff, sa_flags=0x10000004
SIGQUIT: [libjvm.so+0x64b210], sa_mask[0]=0x7ffbfeff, sa_flags=0x10000004


---------------  S Y S T E M  ---------------

OS:Ubuntu 12.04 (precise)
uname:Linux 3.2.0-24-generic #37-Ubuntu SMP Wed Apr 25 08:43:22 UTC 2012 x86_64
libc:glibc 2.15 NPTL 2.15 
rlimit: STACK 8192k, CORE 0k, NPROC 47572, NOFILE 4096, AS infinity
load average:1.06 0.93 0.97

/proc/meminfo:
MemTotal:        6112976 kB
MemFree:         3063676 kB
Buffers:          243184 kB
Cached:          1051236 kB
SwapCached:            0 kB
Active:          1962160 kB
Inactive:         770440 kB
Active(anon):    1439204 kB
Inactive(anon):     1300 kB
Active(file):     522956 kB
Inactive(file):   769140 kB
Unevictable:          68 kB
Mlocked:              68 kB
SwapTotal:       6288380 kB
SwapFree:        6288380 kB
Dirty:               232 kB
Writeback:             0 kB
AnonPages:       1438460 kB
Mapped:           179336 kB
Shmem:              2336 kB
Slab:             157548 kB
SReclaimable:     118708 kB
SUnreclaim:        38840 kB
KernelStack:        3752 kB
PageTables:        35360 kB
NFS_Unstable:          0 kB
Bounce:                0 kB
WritebackTmp:          0 kB
CommitLimit:     9344868 kB
Committed_AS:    4181440 kB
VmallocTotal:   34359738367 kB
VmallocUsed:      325844 kB
VmallocChunk:   34359402492 kB
HardwareCorrupted:     0 kB
AnonHugePages:         0 kB
HugePages_Total:       0
HugePages_Free:        0
HugePages_Rsvd:        0
HugePages_Surp:        0
Hugepagesize:       2048 kB
DirectMap4k:      172992 kB
DirectMap2M:     6117376 kB


CPU:total 2 (2 cores per cpu, 1 threads per core) family 6 model 23 stepping 10, cmov, cx8, fxsr, mmx, sse, sse2, sse3, ssse3, sse4.1

Memory: 4k page, physical 6112976k(3063676k free), swap 6288380k(6288380k free)

vm_info: OpenJDK 64-Bit Server VM (20.0-b12) for linux-amd64 JRE (1.6.0_24-b24), built on Apr 21 2012 01:49:27 by "buildd" with gcc 4.6.3

time: Sat Jun 30 23:22:59 2012
elapsed time: 0 seconds

