#
# A fatal error has been detected by the Java Runtime Environment:
#
#  SIGSEGV (0xb) at pc=0x00007f36e7037420, pid=6340, tid=139875628787456
#
# JRE version: 6.0_24-b24
# Java VM: OpenJDK 64-Bit Server VM (20.0-b12 mixed mode linux-amd64 compressed oops)
# Derivative: IcedTea6 1.11.1
# Distribution: Ubuntu 12.04 LTS, package 6b24-1.11.1-4ubuntu3
# Problematic frame:
# C  0x00007f36e7037420
[error occurred during error reporting (printing problematic frame), id 0xb]

# If you would like to submit a bug report, please include
# instructions how to reproduce the bug and visit:
#   https://bugs.launchpad.net/ubuntu/+source/openjdk-6/
#

---------------  T H R E A D  ---------------

Current thread (0x00007f374c008800):  JavaThread "main" [_thread_in_Java, id=6341, stack(0x00007f37551aa000,0x00007f37552ab000)]

siginfo:si_signo=SIGSEGV: si_errno=0, si_code=1 (SEGV_MAPERR), si_addr=0x00007f36e7037420

Registers:
RAX=0x0000000000004675, RBX=0x000000009905f4c0, RCX=0x00000000e1f62830, RDX=0x00000000e1f56198
RSP=0x00007f37552a28f8, RBP=0x00007f37552a2e30, RSI=0x00000000e1f56170, RDI=0x00000000e1f56170
R8 =0x0000000000000000, R9 =0x00000000000000d8, R10=0x000000009854b7a8, R11=0x0000000000004651
R12=0x0000000000000000, R13=0x0000000000000318, R14=0x0000000000004641, R15=0x00007f374c008800
RIP=0x00007f36e7037420, EFLAGS=0x0000000000010202, CSGSFS=0x0000000000000033, ERR=0x0000000000000014
  TRAPNO=0x000000000000000e

Top of Stack: (sp=0x00007f37552a28f8)
0x00007f37552a28f8:   00007f3746288d7c 0000000000000431
0x00007f37552a2908:   00007f37552a2908 00000000984901d0
0x00007f37552a2918:   00007f37552a2958 0000000098552280
0x00007f37552a2928:   0000000098e43ec0 00007f37552a2e30
0x00007f37552a2938:   00007f374628954c 00007f37552a2958
0x00007f37552a2948:   00007f37552a29a0 00007f374600596e
0x00007f37552a2958:   0000000000000001 00007f37552a2960
0x00007f37552a2968:   00000000985e9258 00007f37552a29e8
0x00007f37552a2978:   00000000985e9e40 00000000e1f56170
0x00007f37552a2988:   00000000985e92f0 00000000e1f56198
0x00007f37552a2998:   00000000e1f62830 00007f37552a2e30
0x00007f37552a29a8:   00007f374638174c 00000000000000e5
0x00007f37552a29b8:   0000000000000000 0000000000000000
0x00007f37552a29c8:   0000000000000431 0000000000002000
0x00007f37552a29d8:   0000000000000000 00007f37552a2e30
0x00007f37552a29e8:   00007f3746381384 00007f37552a2b90
0x00007f37552a29f8:   00007f37552a2d20 00007f374c008800
0x00007f37552a2a08:   00007f374c009810 00007f37552a2a80
0x00007f37552a2a18:   00007f37552a2d28 00007f37552a2af0
0x00007f37552a2a28:   00007f3746160624 00007f37552a2d20
0x00007f37552a2a38:   00007f37552a2b90 00007f37552a2b20
0x00007f37552a2a48:   00007f3753d8fb06 0000000000000002
0x00007f37552a2a58:   00007f374c008800 00007f37552a2af0
0x00007f37552a2a68:   00007f3746000438 00007f3746038260
0x00007f37552a2a78:   00007f3746000438 00000000e25507f0
0x00007f37552a2a88:   00000000e1f54c08 0000000000001fa0
0x00007f37552a2a98:   00007f37460003af 00007f37552a2c40
0x00007f37552a2aa8:   00007f37552a2dd0 00007f374c008800
0x00007f37552a2ab8:   00000000e1f62830 00000000e1f62818
0x00007f37552a2ac8:   00000000e1f56140 00007f37552a2b48
0x00007f37552a2ad8:   00007f374600585a 00000000552a2dd0
0x00007f37552a2ae8:   00000000e1f62830 00000000e26d0b80 

Instructions: (pc=0x00007f36e7037420)
0x00007f36e7037400:   
[error occurred during error reporting (printing registers, top of stack, instructions near pc), id 0xb]

Register to memory mapping:

RAX=0x0000000000004675 is an unknown value
RBX=0x000000009905f4c0 is an oop
{method data} 
 - klass: {other class}
RCX=0x00000000e1f62830 is an oop
java.nio.HeapCharBuffer 
 - klass: 'java/nio/HeapCharBuffer'
RDX=0x00000000e1f56198 is an oop
java.nio.HeapByteBuffer 
 - klass: 'java/nio/HeapByteBuffer'
RSP=0x00007f37552a28f8 is pointing into the stack for thread: 0x00007f374c008800
RBP=0x00007f37552a2e30 is pointing into the stack for thread: 0x00007f374c008800
RSI=0x00000000e1f56170 is an oop
sun.nio.cs.UTF_8$Decoder 
 - klass: 'sun/nio/cs/UTF_8$Decoder'
RDI=0x00000000e1f56170 is an oop
sun.nio.cs.UTF_8$Decoder 
 - klass: 'sun/nio/cs/UTF_8$Decoder'
R8 =0x0000000000000000 is an unknown value
R9 =0x00000000000000d8 is an unknown value
R10=0x000000009854b7a8 is an oop
{instance class} 
 - klass: {other class}
R11=0x0000000000004651 is an unknown value
R12=0x0000000000000000 is an unknown value
R13=0x0000000000000318 is an unknown value
R14=0x0000000000004641 is an unknown value
R15=0x00007f374c008800 is a thread


Stack: [0x00007f37551aa000,0x00007f37552ab000],  sp=0x00007f37552a28f8,  free space=994k
Native frames: (J=compiled Java code, j=interpreted, Vv=VM code, C=native code)
C  0x00007f36e7037420
[error occurred during error reporting (printing native stack), id 0xb]


---------------  P R O C E S S  ---------------

Java Threads: ( => current thread )
  0x00007f374c0a5000 JavaThread "Low Memory Detector" daemon [_thread_blocked, id=6351, stack(0x00007f3750414000,0x00007f3750515000)]
  0x00007f374c0a3000 JavaThread "C1 CompilerThread2" daemon [_thread_blocked, id=6350, stack(0x00007f3750515000,0x00007f3750616000)]
  0x00007f374c0a1000 JavaThread "C2 CompilerThread1" daemon [_thread_in_native, id=6349, stack(0x00007f3750616000,0x00007f3750717000)]
  0x00007f374c09e000 JavaThread "C2 CompilerThread0" daemon [_thread_in_native, id=6348, stack(0x00007f3750717000,0x00007f3750818000)]
  0x00007f374c090000 JavaThread "Signal Dispatcher" daemon [_thread_blocked, id=6347, stack(0x00007f3750818000,0x00007f3750919000)]
  0x00007f374c07d800 JavaThread "Finalizer" daemon [_thread_blocked, id=6346, stack(0x00007f3750ffc000,0x00007f37510fd000)]
  0x00007f374c07b800 JavaThread "Reference Handler" daemon [_thread_blocked, id=6345, stack(0x00007f37510fd000,0x00007f37511fe000)]
=>0x00007f374c008800 JavaThread "main" [_thread_in_Java, id=6341, stack(0x00007f37551aa000,0x00007f37552ab000)]

Other Threads:
  0x00007f374c075000 VMThread [stack: 0x00007f37511fe000,0x00007f37512ff000] [id=6344]
  0x00007f374c0a8000 WatcherThread [stack: 0x00007f3750313000,0x00007f3750414000] [id=6352]

VM state:not at safepoint (normal execution)

VM Mutex/Monitor currently owned by a thread: None

Heap
 PSYoungGen      total 27840K, used 19553K [0x00000000e0e00000, 0x00000000e2d10000, 0x0000000100000000)
  eden space 23872K, 74% used [0x00000000e0e00000,0x00000000e1f70480,0x00000000e2550000)
  from space 3968K, 42% used [0x00000000e2550000,0x00000000e26f8040,0x00000000e2930000)
  to   space 3968K, 0% used [0x00000000e2930000,0x00000000e2930000,0x00000000e2d10000)
 PSOldGen        total 63744K, used 0K [0x00000000a2a00000, 0x00000000a6840000, 0x00000000e0e00000)
  object space 63744K, 0% used [0x00000000a2a00000,0x00000000a2a00000,0x00000000a6840000)
 PSPermGen       total 21248K, used 16658K [0x0000000098400000, 0x00000000998c0000, 0x00000000a2a00000)
  object space 21248K, 78% used [0x0000000098400000,0x0000000099444a10,0x00000000998c0000)

Code Cache  [0x00007f3746000000, 0x00007f37463b0000, 0x00007f374c000000)
 total_blobs=1214 nmethods=930 adapters=205 free_code_cache=96874304 largest_free_block=14592

Dynamic libraries:
00400000-00409000 r-xp 00000000 08:21 4068246                            /usr/lib/jvm/java-6-openjdk-amd64/jre/bin/java
00608000-00609000 r--p 00008000 08:21 4068246                            /usr/lib/jvm/java-6-openjdk-amd64/jre/bin/java
00609000-0060a000 rw-p 00009000 08:21 4068246                            /usr/lib/jvm/java-6-openjdk-amd64/jre/bin/java
01639000-0165a000 rw-p 00000000 00:00 0                                  [heap]
98400000-998c0000 rw-p 00000000 00:00 0 
998c0000-a2a00000 rw-p 00000000 00:00 0 
a2a00000-a6840000 rw-p 00000000 00:00 0 
a6840000-e0e00000 rw-p 00000000 00:00 0 
e0e00000-e2d10000 rw-p 00000000 00:00 0 
e2d10000-100000000 rw-p 00000000 00:00 0 
7f3718000000-7f3718021000 rw-p 00000000 00:00 0 
7f3718021000-7f371c000000 ---p 00000000 00:00 0 
7f371c000000-7f371c021000 rw-p 00000000 00:00 0 
7f371c021000-7f3720000000 ---p 00000000 00:00 0 
7f3720000000-7f3720fb2000 rw-p 00000000 00:00 0 
7f3720fb2000-7f3724000000 ---p 00000000 00:00 0 
7f3724000000-7f372479f000 rw-p 00000000 00:00 0 
7f372479f000-7f3728000000 ---p 00000000 00:00 0 
7f3728000000-7f3728021000 rw-p 00000000 00:00 0 
7f3728021000-7f372c000000 ---p 00000000 00:00 0 
7f372c000000-7f372d502000 rw-p 00000000 00:00 0 
7f372d502000-7f3730000000 ---p 00000000 00:00 0 
7f3730000000-7f3730021000 rw-p 00000000 00:00 0 
7f3730021000-7f3734000000 ---p 00000000 00:00 0 
7f3734000000-7f3734021000 rw-p 00000000 00:00 0 
7f3734021000-7f3738000000 ---p 00000000 00:00 0 
7f3738000000-7f3738021000 rw-p 00000000 00:00 0 
7f3738021000-7f373c000000 ---p 00000000 00:00 0 
7f373c000000-7f373c021000 rw-p 00000000 00:00 0 
7f373c021000-7f3740000000 ---p 00000000 00:00 0 
7f3740000000-7f3740021000 rw-p 00000000 00:00 0 
7f3740021000-7f3744000000 ---p 00000000 00:00 0 
7f3746000000-7f37463b0000 rwxp 00000000 00:00 0 
7f37463b0000-7f374c629000 rw-p 00000000 00:00 0 
7f374c629000-7f3750000000 ---p 00000000 00:00 0 
7f37500a6000-7f37500a9000 r--s 0007d000 08:21 2228767                    /usr/lib/jvm/java-6-openjdk-common/jre/lib/jsse.jar
7f375015f000-7f3750168000 r--s 00049000 08:21 2110348                    /usr/share/java/backport-util-concurrent-3.1.jar
7f3750168000-7f3750178000 r--s 00105000 08:21 2110752                    /usr/share/java/leiningen-1.7.1.jar
7f3750178000-7f3750184000 r--s 0003d000 08:21 2110237                    /usr/share/java/xml-apis-1.3.04.jar
7f3750184000-7f3750186000 r--s 00002000 08:21 2110174                    /usr/share/java/ant-launcher-1.8.2.jar
7f3750186000-7f3750196000 r--s 00105000 08:21 2110752                    /usr/share/java/leiningen-1.7.1.jar
7f3750196000-7f375019f000 r--s 00049000 08:21 2110348                    /usr/share/java/backport-util-concurrent-3.1.jar
7f375019f000-7f37501bc000 r--s 001bc000 08:21 2110173                    /usr/share/java/ant-1.8.2.jar
7f37501c1000-7f37501c2000 r--s 00000000 08:21 2110751                    /usr/share/java/lancet-1.0.1.jar
7f37501c2000-7f37501c3000 r--s 00004000 08:21 2110716                    /usr/share/java/maven-repository-metadata-2.2.1.jar
7f37501c3000-7f37501c5000 r--s 00006000 08:21 2110714                    /usr/share/java/maven-profile-2.2.1.jar
7f37501c5000-7f37501c8000 r--s 00022000 08:21 2110715                    /usr/share/java/maven-project-2.2.1.jar
7f37501c8000-7f37501ca000 r--s 00009000 08:21 2110717                    /usr/share/java/maven-settings-2.2.1.jar
7f37501ca000-7f37501cc000 r--s 00011000 08:21 2110708                    /usr/share/java/maven-model-2.2.1.jar
7f37501cc000-7f37501ce000 r--s 00001000 08:21 2110707                    /usr/share/java/maven-error-diagnostics-2.2.1.jar
7f37501ce000-7f37501d0000 r--s 0000e000 08:21 2110702                    /usr/share/java/maven-artifact-manager-2.2.1.jar
7f37501d0000-7f37501d3000 r--s 00010000 08:21 2110704                    /usr/share/java/maven-artifact-2.2.1.jar
7f37501d3000-7f375020b000 r--s 00297000 08:21 4194573                    /usr/share/maven-repo/org/apache/maven/maven-ant-tasks/2.1.3/maven-ant-tasks-2.1.3.jar
7f375020b000-7f375020e000 r--s 00037000 08:21 2110745                    /usr/share/java/clojure-contrib-1.2.0.jar
7f375020e000-7f3750210000 r--s 00008000 08:21 2110357                    /usr/share/java/classworlds-1.1.jar
7f3750210000-7f3750211000 r--s 00000000 08:21 2110751                    /usr/share/java/lancet-1.0.1.jar
7f3750211000-7f3750212000 r--s 00000000 08:21 2110743                    /usr/share/java/robert-hooke-1.1.2.jar
7f3750212000-7f3750214000 r--s 0000a000 08:21 2110365                    /usr/share/java/lucene-highlighter-2.9.4.jar
7f3750214000-7f3750216000 r--s 0000c000 08:21 2110363                    /usr/share/java/lucene-memory-2.9.4.jar
7f3750216000-7f3750229000 r--s 000f8000 08:21 2110359                    /usr/share/java/lucene-core-2.9.4.jar
7f3750229000-7f375022a000 r--s 00000000 08:21 2110426                    /usr/share/java/clucy-0.2.2.jar
7f375022a000-7f375022c000 r--s 0000a000 08:21 2110365                    /usr/share/java/lucene-highlighter-2.9.4.jar
7f375022c000-7f375023f000 r--s 000f8000 08:21 2110359                    /usr/share/java/lucene-core-2.9.4.jar
7f375023f000-7f375024b000 r--s 0003d000 08:21 2110237                    /usr/share/java/xml-apis-1.3.04.jar
7f375024b000-7f375024d000 r--s 0000a000 08:21 2110676                    /usr/share/java/wagon-provider-api.jar
7f375024d000-7f375024e000 r--s 00004000 08:21 2110680                    /usr/share/java/wagon-http-shared.jar
7f375024e000-7f375024f000 r--s 00002000 08:21 2110681                    /usr/share/java/wagon-http-lightweight.jar
7f375024f000-7f3750250000 r--s 00001000 08:21 2110678                    /usr/share/java/wagon-file.jar
7f3750250000-7f3750254000 r--s 00031000 08:21 2110489                    /usr/share/java/plexus-utils-1.5.15.jar
7f3750254000-7f3750256000 r--s 0000b000 08:21 4194760                    /usr/share/maven-repo/org/codehaus/plexus/plexus-interpolation/1.11/plexus-interpolation-1.11.jar
7f3750256000-7f375025d000 r--s 00029000 08:21 2110492                    /usr/share/java/plexus-container-default-alpha-1.0-alpha-9-stable-1.jar
7f375025d000-7f375025e000 r--s 00004000 08:21 2110716                    /usr/share/java/maven-repository-metadata-2.2.1.jar
7f375025e000-7f3750260000 r--s 00006000 08:21 2110714                    /usr/share/java/maven-profile-2.2.1.jar
7f3750260000-7f3750263000 r--s 00022000 08:21 2110715                    /usr/share/java/maven-project-2.2.1.jar
7f3750263000-7f3750265000 r--s 00009000 08:21 2110717                    /usr/share/java/maven-settings-2.2.1.jar
7f3750265000-7f3750267000 r--s 00011000 08:21 2110708                    /usr/share/java/maven-model-2.2.1.jar
7f3750267000-7f3750269000 r--s 00001000 08:21 2110707                    /usr/share/java/maven-error-diagnostics-2.2.1.jar
7f3750269000-7f375026b000 r--s 0000e000 08:21 2110702                    /usr/share/java/maven-artifact-manager-2.2.1.jar
7f375026b000-7f375026e000 r--s 00010000 08:21 2110704                    /usr/share/java/maven-artifact-2.2.1.jar
7f375026e000-7f37502a6000 r--s 00297000 08:21 4194573                    /usr/share/maven-repo/org/apache/maven/maven-ant-tasks/2.1.3/maven-ant-tasks-2.1.3.jar
7f37502a6000-7f37502a8000 r--s 0000c000 08:21 2110363                    /usr/share/java/lucene-memory-2.9.4.jar
7f37502a8000-7f37502d6000 r--s 002d2000 08:21 2110235                    /usr/share/java/clojure-1.2.1.jar
7f37502d6000-7f37502d9000 r--s 00037000 08:21 2110745                    /usr/share/java/clojure-contrib-1.2.0.jar
7f37502d9000-7f37502db000 r--s 00008000 08:21 2110357                    /usr/share/java/classworlds-1.1.jar
7f37502db000-7f37502dd000 r--s 00002000 08:21 2110174                    /usr/share/java/ant-launcher-1.8.2.jar
7f37502dd000-7f37502fa000 r--s 001bc000 08:21 2110173                    /usr/share/java/ant-1.8.2.jar
7f37502fa000-7f37502fc000 r--s 0000f000 08:21 2496974                    /usr/lib/jvm/java-6-openjdk-common/jre/lib/ext/pulse-java.jar
7f37502fc000-7f37502fe000 r--s 00001000 08:21 2497134                    /usr/lib/jvm/java-6-openjdk-common/jre/lib/ext/dnsns.jar
7f37502fe000-7f3750301000 r--s 00077000 08:21 2497130                    /usr/lib/jvm/java-6-openjdk-common/jre/lib/ext/localedata.jar
7f3750301000-7f3750304000 r--s 00031000 08:21 2496975                    /usr/lib/jvm/java-6-openjdk-common/jre/lib/ext/sunjce_provider.jar
7f3750304000-7f3750308000 r--s 00038000 08:21 2497133                    /usr/lib/jvm/java-6-openjdk-common/jre/lib/ext/sunpkcs11.jar
7f3750308000-7f3750309000 r--s 00007000 08:21 2110148                    /usr/share/java/java-atk-wrapper.jar
7f3750309000-7f375030b000 r--s 00008000 08:21 2110221                    /usr/share/java/asm3-commons-3.3.2.jar
7f375030b000-7f375030c000 r--s 0000a000 08:21 2110219                    /usr/share/java/asm3-3.3.2.jar
7f375030c000-7f3750313000 r--s 000fb000 08:21 2228765                    /usr/lib/jvm/java-6-openjdk-common/jre/lib/resources.jar
7f3750313000-7f3750314000 ---p 00000000 00:00 0 
7f3750314000-7f3750414000 rw-p 00000000 00:00 0 
7f3750414000-7f3750417000 ---p 00000000 00:00 0 
7f3750417000-7f3750515000 rw-p 00000000 00:00 0 
7f3750515000-7f3750518000 ---p 00000000 00:00 0 
7f3750518000-7f3750616000 rw-p 00000000 00:00 0 
7f3750616000-7f3750619000 ---p 00000000 00:00 0 
7f3750619000-7f3750717000 rw-p 00000000 00:00 0 
7f3750717000-7f375071a000 ---p 00000000 00:00 0 
7f375071a000-7f3750818000 rw-p 00000000 00:00 0 
7f3750818000-7f375081b000 ---p 00000000 00:00 0 
7f375081b000-7f3750919000 rw-p 00000000 00:00 0 
7f3750919000-7f3750ffc000 r--p 00000000 08:21 1841926                    /usr/lib/locale/locale-archive
7f3750ffc000-7f3750fff000 ---p 00000000 00:00 0 
7f3750fff000-7f37510fd000 rw-p 00000000 00:00 0 
7f37510fd000-7f3751100000 ---p 00000000 00:00 0 
7f3751100000-7f37511fe000 rw-p 00000000 00:00 0 
7f37511fe000-7f37511ff000 ---p 00000000 00:00 0 
7f37511ff000-7f3751602000 rw-p 00000000 00:00 0 
7f3751602000-7f3751792000 r--s 037ba000 08:21 4068174                    /usr/lib/jvm/java-6-openjdk-amd64/jre/lib/rt.jar
7f3751792000-7f3751793000 ---p 00000000 00:00 0 
7f3751793000-7f3751893000 rw-p 00000000 00:00 0 
7f3751893000-7f3751894000 ---p 00000000 00:00 0 
7f3751894000-7f37519b4000 rw-p 00000000 00:00 0 
7f37519b4000-7f3751b86000 rw-p 00000000 00:00 0 
7f3751b86000-7f3751b91000 rw-p 00000000 00:00 0 
7f3751b91000-7f3751bd9000 rw-p 00000000 00:00 0 
7f3751bd9000-7f3751bf9000 rw-p 00000000 00:00 0 
7f3751bf9000-7f3751dcb000 rw-p 00000000 00:00 0 
7f3751dcb000-7f3751ddb000 rw-p 00000000 00:00 0 
7f3751ddb000-7f3751ec4000 rw-p 00000000 00:00 0 
7f3751ec4000-7f3751ed4000 rw-p 00000000 00:00 0 
7f3751ed4000-7f3752045000 rw-p 00000000 00:00 0 
7f3752045000-7f375204c000 r-xp 00000000 08:21 4068211                    /usr/lib/jvm/java-6-openjdk-amd64/jre/lib/amd64/libzip.so
7f375204c000-7f375224b000 ---p 00007000 08:21 4068211                    /usr/lib/jvm/java-6-openjdk-amd64/jre/lib/amd64/libzip.so
7f375224b000-7f375224c000 r--p 00006000 08:21 4068211                    /usr/lib/jvm/java-6-openjdk-amd64/jre/lib/amd64/libzip.so
7f375224c000-7f375224d000 rw-p 00007000 08:21 4068211                    /usr/lib/jvm/java-6-openjdk-amd64/jre/lib/amd64/libzip.so
7f375224d000-7f3752259000 r-xp 00000000 08:21 2895147                    /lib/x86_64-linux-gnu/libnss_files-2.15.so
7f3752259000-7f3752458000 ---p 0000c000 08:21 2895147                    /lib/x86_64-linux-gnu/libnss_files-2.15.so
7f3752458000-7f3752459000 r--p 0000b000 08:21 2895147                    /lib/x86_64-linux-gnu/libnss_files-2.15.so
7f3752459000-7f375245a000 rw-p 0000c000 08:21 2895147                    /lib/x86_64-linux-gnu/libnss_files-2.15.so
7f375245a000-7f3752464000 r-xp 00000000 08:21 2895148                    /lib/x86_64-linux-gnu/libnss_nis-2.15.so
7f3752464000-7f3752664000 ---p 0000a000 08:21 2895148                    /lib/x86_64-linux-gnu/libnss_nis-2.15.so
7f3752664000-7f3752665000 r--p 0000a000 08:21 2895148                    /lib/x86_64-linux-gnu/libnss_nis-2.15.so
7f3752665000-7f3752666000 rw-p 0000b000 08:21 2895148                    /lib/x86_64-linux-gnu/libnss_nis-2.15.so
7f3752666000-7f375267d000 r-xp 00000000 08:21 2884531                    /lib/x86_64-linux-gnu/libnsl-2.15.so
7f375267d000-7f375287c000 ---p 00017000 08:21 2884531                    /lib/x86_64-linux-gnu/libnsl-2.15.so
7f375287c000-7f375287d000 r--p 00016000 08:21 2884531                    /lib/x86_64-linux-gnu/libnsl-2.15.so
7f375287d000-7f375287e000 rw-p 00017000 08:21 2884531                    /lib/x86_64-linux-gnu/libnsl-2.15.so
7f375287e000-7f3752880000 rw-p 00000000 00:00 0 
7f3752880000-7f3752888000 r-xp 00000000 08:21 2895150                    /lib/x86_64-linux-gnu/libnss_compat-2.15.so
7f3752888000-7f3752a87000 ---p 00008000 08:21 2895150                    /lib/x86_64-linux-gnu/libnss_compat-2.15.so
7f3752a87000-7f3752a88000 r--p 00007000 08:21 2895150                    /lib/x86_64-linux-gnu/libnss_compat-2.15.so
7f3752a88000-7f3752a89000 rw-p 00008000 08:21 2895150                    /lib/x86_64-linux-gnu/libnss_compat-2.15.so
7f3752a89000-7f3752ab5000 r-xp 00000000 08:21 4068194                    /usr/lib/jvm/java-6-openjdk-amd64/jre/lib/amd64/libjava.so
7f3752ab5000-7f3752cb4000 ---p 0002c000 08:21 4068194                    /usr/lib/jvm/java-6-openjdk-amd64/jre/lib/amd64/libjava.so
7f3752cb4000-7f3752cb5000 r--p 0002b000 08:21 4068194                    /usr/lib/jvm/java-6-openjdk-amd64/jre/lib/amd64/libjava.so
7f3752cb5000-7f3752cb8000 rw-p 0002c000 08:21 4068194                    /usr/lib/jvm/java-6-openjdk-amd64/jre/lib/amd64/libjava.so
7f3752cb8000-7f3752cc6000 r-xp 00000000 08:21 4068210                    /usr/lib/jvm/java-6-openjdk-amd64/jre/lib/amd64/libverify.so
7f3752cc6000-7f3752ec5000 ---p 0000e000 08:21 4068210                    /usr/lib/jvm/java-6-openjdk-amd64/jre/lib/amd64/libverify.so
7f3752ec5000-7f3752ec7000 r--p 0000d000 08:21 4068210                    /usr/lib/jvm/java-6-openjdk-amd64/jre/lib/amd64/libverify.so
7f3752ec7000-7f3752ec8000 rw-p 0000f000 08:21 4068210                    /usr/lib/jvm/java-6-openjdk-amd64/jre/lib/amd64/libverify.so
7f3752ec8000-7f3752ecf000 r-xp 00000000 08:21 2887277                    /lib/x86_64-linux-gnu/librt-2.15.so
7f3752ecf000-7f37530ce000 ---p 00007000 08:21 2887277                    /lib/x86_64-linux-gnu/librt-2.15.so
7f37530ce000-7f37530cf000 r--p 00006000 08:21 2887277                    /lib/x86_64-linux-gnu/librt-2.15.so
7f37530cf000-7f37530d0000 rw-p 00007000 08:21 2887277                    /lib/x86_64-linux-gnu/librt-2.15.so
7f37530d0000-7f37530e5000 r-xp 00000000 08:21 2887446                    /lib/x86_64-linux-gnu/libgcc_s.so.1
7f37530e5000-7f37532e4000 ---p 00015000 08:21 2887446                    /lib/x86_64-linux-gnu/libgcc_s.so.1
7f37532e4000-7f37532e5000 r--p 00014000 08:21 2887446                    /lib/x86_64-linux-gnu/libgcc_s.so.1
7f37532e5000-7f37532e6000 rw-p 00015000 08:21 2887446                    /lib/x86_64-linux-gnu/libgcc_s.so.1
7f37532e6000-7f37533df000 r-xp 00000000 08:21 2883652                    /lib/x86_64-linux-gnu/libm-2.15.so
7f37533df000-7f37535de000 ---p 000f9000 08:21 2883652                    /lib/x86_64-linux-gnu/libm-2.15.so
7f37535de000-7f37535df000 r--p 000f8000 08:21 2883652                    /lib/x86_64-linux-gnu/libm-2.15.so
7f37535df000-7f37535e0000 rw-p 000f9000 08:21 2883652                    /lib/x86_64-linux-gnu/libm-2.15.so
7f37535e0000-7f37536c2000 r-xp 00000000 08:21 1835353                    /usr/lib/x86_64-linux-gnu/libstdc++.so.6.0.16
7f37536c2000-7f37538c1000 ---p 000e2000 08:21 1835353                    /usr/lib/x86_64-linux-gnu/libstdc++.so.6.0.16
7f37538c1000-7f37538c9000 r--p 000e1000 08:21 1835353                    /usr/lib/x86_64-linux-gnu/libstdc++.so.6.0.16
7f37538c9000-7f37538cb000 rw-p 000e9000 08:21 1835353                    /usr/lib/x86_64-linux-gnu/libstdc++.so.6.0.16
7f37538cb000-7f37538e0000 rw-p 00000000 00:00 0 
7f37538e0000-7f37541e4000 r-xp 00000000 08:21 4068215                    /usr/lib/jvm/java-6-openjdk-amd64/jre/lib/amd64/server/libjvm.so
7f37541e4000-7f37543e4000 ---p 00904000 08:21 4068215                    /usr/lib/jvm/java-6-openjdk-amd64/jre/lib/amd64/server/libjvm.so
7f37543e4000-7f3754464000 r--p 00904000 08:21 4068215                    /usr/lib/jvm/java-6-openjdk-amd64/jre/lib/amd64/server/libjvm.so
7f3754464000-7f375447f000 rw-p 00984000 08:21 4068215                    /usr/lib/jvm/java-6-openjdk-amd64/jre/lib/amd64/server/libjvm.so
7f375447f000-7f37544a8000 rw-p 00000000 00:00 0 
7f37544a8000-7f37544be000 r-xp 00000000 08:21 2887455                    /lib/x86_64-linux-gnu/libz.so.1.2.3.4
7f37544be000-7f37546bd000 ---p 00016000 08:21 2887455                    /lib/x86_64-linux-gnu/libz.so.1.2.3.4
7f37546bd000-7f37546be000 r--p 00015000 08:21 2887455                    /lib/x86_64-linux-gnu/libz.so.1.2.3.4
7f37546be000-7f37546bf000 rw-p 00016000 08:21 2887455                    /lib/x86_64-linux-gnu/libz.so.1.2.3.4
7f37546bf000-7f3754872000 r-xp 00000000 08:21 2883653                    /lib/x86_64-linux-gnu/libc-2.15.so
7f3754872000-7f3754a71000 ---p 001b3000 08:21 2883653                    /lib/x86_64-linux-gnu/libc-2.15.so
7f3754a71000-7f3754a75000 r--p 001b2000 08:21 2883653                    /lib/x86_64-linux-gnu/libc-2.15.so
7f3754a75000-7f3754a77000 rw-p 001b6000 08:21 2883653                    /lib/x86_64-linux-gnu/libc-2.15.so
7f3754a77000-7f3754a7c000 rw-p 00000000 00:00 0 
7f3754a7c000-7f3754a7e000 r-xp 00000000 08:21 2895154                    /lib/x86_64-linux-gnu/libdl-2.15.so
7f3754a7e000-7f3754c7e000 ---p 00002000 08:21 2895154                    /lib/x86_64-linux-gnu/libdl-2.15.so
7f3754c7e000-7f3754c7f000 r--p 00002000 08:21 2895154                    /lib/x86_64-linux-gnu/libdl-2.15.so
7f3754c7f000-7f3754c80000 rw-p 00003000 08:21 2895154                    /lib/x86_64-linux-gnu/libdl-2.15.so
7f3754c80000-7f3754c84000 r-xp 00000000 08:21 4068182                    /usr/lib/jvm/java-6-openjdk-amd64/jre/lib/amd64/jli/libjli.so
7f3754c84000-7f3754e83000 ---p 00004000 08:21 4068182                    /usr/lib/jvm/java-6-openjdk-amd64/jre/lib/amd64/jli/libjli.so
7f3754e83000-7f3754e84000 r--p 00003000 08:21 4068182                    /usr/lib/jvm/java-6-openjdk-amd64/jre/lib/amd64/jli/libjli.so
7f3754e84000-7f3754e85000 rw-p 00004000 08:21 4068182                    /usr/lib/jvm/java-6-openjdk-amd64/jre/lib/amd64/jli/libjli.so
7f3754e85000-7f3754e9d000 r-xp 00000000 08:21 2895158                    /lib/x86_64-linux-gnu/libpthread-2.15.so
7f3754e9d000-7f375509c000 ---p 00018000 08:21 2895158                    /lib/x86_64-linux-gnu/libpthread-2.15.so
7f375509c000-7f375509d000 r--p 00017000 08:21 2895158                    /lib/x86_64-linux-gnu/libpthread-2.15.so
7f375509d000-7f375509e000 rw-p 00018000 08:21 2895158                    /lib/x86_64-linux-gnu/libpthread-2.15.so
7f375509e000-7f37550a2000 rw-p 00000000 00:00 0 
7f37550a2000-7f37550c4000 r-xp 00000000 08:21 2884529                    /lib/x86_64-linux-gnu/ld-2.15.so
7f37550c4000-7f37550c5000 r--s 00000000 08:21 2110743                    /usr/share/java/robert-hooke-1.1.2.jar
7f37550c5000-7f37550c9000 r--s 00031000 08:21 2110489                    /usr/share/java/plexus-utils-1.5.15.jar
7f37550c9000-7f37550cb000 r--s 0000b000 08:21 4194760                    /usr/share/maven-repo/org/codehaus/plexus/plexus-interpolation/1.11/plexus-interpolation-1.11.jar
7f37550cb000-7f37550cd000 r--s 00008000 08:21 2110221                    /usr/share/java/asm3-commons-3.3.2.jar
7f37550cd000-7f37550ce000 r--s 0000a000 08:21 2110219                    /usr/share/java/asm3-3.3.2.jar
7f37550ce000-7f37550fc000 r--s 002d2000 08:21 2110235                    /usr/share/java/clojure-1.2.1.jar
7f37550fc000-7f3755162000 rw-p 00000000 00:00 0 
7f3755162000-7f37551aa000 rw-p 00000000 00:00 0 
7f37551aa000-7f37551ad000 ---p 00000000 00:00 0 
7f37551ad000-7f37552b0000 rw-p 00000000 00:00 0 
7f37552b0000-7f37552b1000 r--s 00000000 08:21 2110426                    /usr/share/java/clucy-0.2.2.jar
7f37552b1000-7f37552b8000 r--s 00029000 08:21 2110492                    /usr/share/java/plexus-container-default-alpha-1.0-alpha-9-stable-1.jar
7f37552b8000-7f37552c0000 rw-s 00000000 08:21 3148943                    /tmp/hsperfdata_gjcourt/6340
7f37552c0000-7f37552c1000 rw-p 00000000 00:00 0 
7f37552c1000-7f37552c2000 r--p 00000000 00:00 0 
7f37552c2000-7f37552c4000 rw-p 00000000 00:00 0 
7f37552c4000-7f37552c5000 r--p 00022000 08:21 2884529                    /lib/x86_64-linux-gnu/ld-2.15.so
7f37552c5000-7f37552c7000 rw-p 00023000 08:21 2884529                    /lib/x86_64-linux-gnu/ld-2.15.so
7fffbeffe000-7fffbf020000 rw-p 00000000 00:00 0                          [stack]
7fffbf0cb000-7fffbf0cc000 r-xp 00000000 00:00 0                          [vdso]
ffffffffff600000-ffffffffff601000 r-xp 00000000 00:00 0                  [vsyscall]

VM Arguments:
jvm_args: -Xbootclasspath/a:/usr/share/java/clojure-1.2.jar:/usr/share/java/asm3.jar:/usr/share/java/asm3-commons.jar -XX:+TieredCompilation -Dleiningen.original.pwd=/media/storage/Dropbox/projects/parkmate/parkmate -Dleiningen.trampoline-file=/tmp/lein-trampoline-6317 
java_command: clojure.main -e (use 'leiningen.core)(-main) /dev/null repl
Launcher Type: SUN_STANDARD

Environment Variables:
PATH=/usr/lib/lightdm/lightdm:/usr/local/sbin:/usr/local/bin:/usr/sbin:/usr/bin:/sbin:/bin:/usr/games
LD_LIBRARY_PATH=/usr/lib/jvm/java-6-openjdk-amd64/jre/lib/amd64/server:/usr/lib/jvm/java-6-openjdk-amd64/jre/lib/amd64:/usr/lib/jvm/java-6-openjdk-amd64/jre/../lib/amd64
SHELL=/bin/bash
DISPLAY=:0

Signal Handlers:
SIGSEGV: [libjvm.so+0x7842c0], sa_mask[0]=0x7ffbfeff, sa_flags=0x10000004
SIGBUS: [libjvm.so+0x7842c0], sa_mask[0]=0x7ffbfeff, sa_flags=0x10000004
SIGFPE: [libjvm.so+0x648540], sa_mask[0]=0x7ffbfeff, sa_flags=0x10000004
SIGPIPE: [libjvm.so+0x648540], sa_mask[0]=0x7ffbfeff, sa_flags=0x10000004
SIGXFSZ: [libjvm.so+0x648540], sa_mask[0]=0x7ffbfeff, sa_flags=0x10000004
SIGILL: [libjvm.so+0x648540], sa_mask[0]=0x7ffbfeff, sa_flags=0x10000004
SIGUSR1: SIG_DFL, sa_mask[0]=0x00000000, sa_flags=0x00000000
SIGUSR2: [libjvm.so+0x6486f0], sa_mask[0]=0x00000000, sa_flags=0x10000004
SIGHUP: [libjvm.so+0x64b210], sa_mask[0]=0x7ffbfeff, sa_flags=0x10000004
SIGINT: [libjvm.so+0x64b210], sa_mask[0]=0x7ffbfeff, sa_flags=0x10000004
SIGTERM: [libjvm.so+0x64b210], sa_mask[0]=0x7ffbfeff, sa_flags=0x10000004
SIGQUIT: [libjvm.so+0x64b210], sa_mask[0]=0x7ffbfeff, sa_flags=0x10000004


---------------  S Y S T E M  ---------------

OS:Ubuntu 12.04 (precise)
uname:Linux 3.2.0-24-generic #37-Ubuntu SMP Wed Apr 25 08:43:22 UTC 2012 x86_64
libc:glibc 2.15 NPTL 2.15 
rlimit: STACK 8192k, CORE 0k, NPROC 47572, NOFILE 4096, AS infinity
load average:0.59 0.91 0.93

/proc/meminfo:
MemTotal:        6112976 kB
MemFree:         3066752 kB
Buffers:          242196 kB
Cached:          1043276 kB
SwapCached:            0 kB
Active:          1950440 kB
Inactive:         781032 kB
Active(anon):    1447172 kB
Inactive(anon):     1300 kB
Active(file):     503268 kB
Inactive(file):   779732 kB
Unevictable:          68 kB
Mlocked:              68 kB
SwapTotal:       6288380 kB
SwapFree:        6288380 kB
Dirty:               244 kB
Writeback:             0 kB
AnonPages:       1446296 kB
Mapped:           179248 kB
Shmem:              2336 kB
Slab:             157092 kB
SReclaimable:     118464 kB
SUnreclaim:        38628 kB
KernelStack:        3712 kB
PageTables:        35384 kB
NFS_Unstable:          0 kB
Bounce:                0 kB
WritebackTmp:          0 kB
CommitLimit:     9344868 kB
Committed_AS:    4160768 kB
VmallocTotal:   34359738367 kB
VmallocUsed:      325844 kB
VmallocChunk:   34359402492 kB
HardwareCorrupted:     0 kB
AnonHugePages:         0 kB
HugePages_Total:       0
HugePages_Free:        0
HugePages_Rsvd:        0
HugePages_Surp:        0
Hugepagesize:       2048 kB
DirectMap4k:      172992 kB
DirectMap2M:     6117376 kB


CPU:total 2 (2 cores per cpu, 1 threads per core) family 6 model 23 stepping 10, cmov, cx8, fxsr, mmx, sse, sse2, sse3, ssse3, sse4.1

Memory: 4k page, physical 6112976k(3066752k free), swap 6288380k(6288380k free)

vm_info: OpenJDK 64-Bit Server VM (20.0-b12) for linux-amd64 JRE (1.6.0_24-b24), built on Apr 21 2012 01:49:27 by "buildd" with gcc 4.6.3

time: Sat Jun 30 22:59:21 2012
elapsed time: 1 seconds

