#
# A fatal error has been detected by the Java Runtime Environment:
#
#  SIGSEGV (0xb) at pc=0x00007f1bcb037420, pid=6870, tid=139759180666624
#
# JRE version: 6.0_24-b24
# Java VM: OpenJDK 64-Bit Server VM (20.0-b12 mixed mode linux-amd64 compressed oops)
# Derivative: IcedTea6 1.11.1
# Distribution: Ubuntu 12.04 LTS, package 6b24-1.11.1-4ubuntu3
# Problematic frame:
# C  0x00007f1bcb037420
[error occurred during error reporting (printing problematic frame), id 0xb]

# If you would like to submit a bug report, please include
# instructions how to reproduce the bug and visit:
#   https://bugs.launchpad.net/ubuntu/+source/openjdk-6/
#

---------------  T H R E A D  ---------------

Current thread (0x00007f1c30008800):  JavaThread "main" [_thread_in_Java, id=6871, stack(0x00007f1c38415000,0x00007f1c38516000)]

siginfo:si_signo=SIGSEGV: si_errno=0, si_code=1 (SEGV_MAPERR), si_addr=0x00007f1bcb037420

Registers:
RAX=0x0000000000001e58, RBX=0x00000000986d0158, RCX=0x00000000e0eafe58, RDX=0x000000001fffffff
RSP=0x00007f1c385133e8, RBP=0x00007f1c38513488, RSI=0x000000000085c202, RDI=0x000000009873b758
R8 =0x00007f1c385135a0, R9 =0x00007f1c38513598, R10=0x00007f1c37709560, R11=0x00007f1c2a0adea0
R12=0x0000000000000000, R13=0x00007f1c38513438, R14=0x00007f1c385134d8, R15=0x00007f1c30008800
RIP=0x00007f1bcb037420, EFLAGS=0x0000000000010202, CSGSFS=0x0000000000000033, ERR=0x0000000000000014
  TRAPNO=0x000000000000000e

Top of Stack: (sp=0x00007f1c385133e8)
0x00007f1c385133e8:   00007f1c2a0adefc 00000000986c7800
0x00007f1c385133f8:   00007f1c2a0af5d9 00000000986c09c8
0x00007f1c38513408:   0000000000000000 00007f1c38513430
0x00007f1c38513418:   00007f1c38513488 00007f1c38513488
0x00007f1c38513428:   00007f1c2a00596e 00007f1c2a00596e
0x00007f1c38513438:   0000000020000000 00000000e0eafe58
0x00007f1c38513448:   00007f1c38513448 00000000986d0a6f
0x00007f1c38513458:   00007f1c385134d8 00000000986d1c08
0x00007f1c38513468:   0000000000000000 00000000986d0b30
0x00007f1c38513478:   00007f1c38513438 00007f1c385134b8
0x00007f1c38513488:   00007f1c38513520 00007f1c2a005e8d
0x00007f1c38513498:   0000000000000000 0000000000000000
0x00007f1c385134a8:   0000000000000000 0000000020000000
0x00007f1c385134b8:   0000000000000000 00000000e0eafcc8
0x00007f1c385134c8:   00000000772e7bbd 0000000000000005
0x00007f1c385134d8:   00000000e0eafe58 00007f1c385134e0
0x00007f1c385134e8:   00000000986d3379 00007f1c38513560
0x00007f1c385134f8:   00000000986d3fe0 0000000000000000
0x00007f1c38513508:   00000000986d33e0 00007f1c385134b8
0x00007f1c38513518:   00007f1c38513540 00007f1c385135a8
0x00007f1c38513528:   00007f1c2a005e8d 00000000e0eafe58
0x00007f1c38513538:   000000000000001d 0000000000000000
0x00007f1c38513548:   00000000e0eafcc8 00000000772e7bbd
0x00007f1c38513558:   0000000000000000 00000000e0eafe70
0x00007f1c38513568:   00007f1c38513568 00000000986bfde6
0x00007f1c38513578:   00007f1c385135c8 00000000986c7800
0x00007f1c38513588:   0000000000000000 00000000986bfe20
0x00007f1c38513598:   00007f1c38513540 00007f1c385135b8
0x00007f1c385135a8:   00007f1c38513610 00007f1c2a0059b3
0x00007f1c385135b8:   0000000000000000 00000000e0eafcc8
0x00007f1c385135c8:   00000000e0eaff18 00007f1c385135d0
0x00007f1c385135d8:   00000000986bfee3 00007f1c38513628 

Instructions: (pc=0x00007f1bcb037420)
0x00007f1bcb037400:   
[error occurred during error reporting (printing registers, top of stack, instructions near pc), id 0xb]

Register to memory mapping:

RAX=0x0000000000001e58 is an unknown value
RBX=0x00000000986d0158 is an oop
{method} 
 - klass: {other class}
RCX=0x00000000e0eafe58 is an oop
clojure.lang.PersistentHashMap$BitmapIndexedNode 
 - klass: 'clojure/lang/PersistentHashMap$BitmapIndexedNode'
RDX=0x000000001fffffff is an unknown value
RSP=0x00007f1c385133e8 is pointing into the stack for thread: 0x00007f1c30008800
RBP=0x00007f1c38513488 is pointing into the stack for thread: 0x00007f1c30008800
RSI=0x000000000085c202 is an unknown value
RDI=0x000000009873b758 is an oop
{method data} 
 - klass: {other class}
R8 =0x00007f1c385135a0 is pointing into the stack for thread: 0x00007f1c30008800
R9 =0x00007f1c38513598 is pointing into the stack for thread: 0x00007f1c30008800
R10=0x00007f1c37709560: <offset 0xbbe560> in /usr/lib/jvm/java-6-openjdk-amd64/jre/lib/amd64/server/libjvm.so at 0x00007f1c36b4b000
R11=0x00007f1c2a0add10 [CodeBlob (0x00007f1c2a0add10)]
Framesize: 8
R12=0x0000000000000000 is an unknown value
R13=0x00007f1c38513438 is pointing into the stack for thread: 0x00007f1c30008800
R14=0x00007f1c385134d8 is pointing into the stack for thread: 0x00007f1c30008800
R15=0x00007f1c30008800 is a thread


Stack: [0x00007f1c38415000,0x00007f1c38516000],  sp=0x00007f1c385133e8,  free space=1016k
Native frames: (J=compiled Java code, j=interpreted, Vv=VM code, C=native code)
C  0x00007f1bcb037420
[error occurred during error reporting (printing native stack), id 0xb]


---------------  P R O C E S S  ---------------

Java Threads: ( => current thread )
  0x00007f1c300a5800 JavaThread "Low Memory Detector" daemon [_thread_blocked, id=6881, stack(0x00007f1c2961a000,0x00007f1c2971b000)]
  0x00007f1c300a3000 JavaThread "C1 CompilerThread2" daemon [_thread_in_native, id=6880, stack(0x00007f1c2971b000,0x00007f1c2981c000)]
  0x00007f1c300a1000 JavaThread "C2 CompilerThread1" daemon [_thread_blocked, id=6879, stack(0x00007f1c2981c000,0x00007f1c2991d000)]
  0x00007f1c3009e000 JavaThread "C2 CompilerThread0" daemon [_thread_blocked, id=6878, stack(0x00007f1c34065000,0x00007f1c34166000)]
  0x00007f1c30090000 JavaThread "Signal Dispatcher" daemon [_thread_blocked, id=6877, stack(0x00007f1c34166000,0x00007f1c34267000)]
  0x00007f1c3007d800 JavaThread "Finalizer" daemon [_thread_blocked, id=6876, stack(0x00007f1c34267000,0x00007f1c34368000)]
  0x00007f1c3007b800 JavaThread "Reference Handler" daemon [_thread_blocked, id=6875, stack(0x00007f1c34368000,0x00007f1c34469000)]
=>0x00007f1c30008800 JavaThread "main" [_thread_in_Java, id=6871, stack(0x00007f1c38415000,0x00007f1c38516000)]

Other Threads:
  0x00007f1c30075000 VMThread [stack: 0x00007f1c34469000,0x00007f1c3456a000] [id=6874]
  0x00007f1c300b0000 WatcherThread [stack: 0x00007f1c29519000,0x00007f1c2961a000] [id=6882]

VM state:not at safepoint (normal execution)

VM Mutex/Monitor currently owned by a thread: None

Heap
 PSYoungGen      total 27840K, used 955K [0x00000000e0e00000, 0x00000000e2d10000, 0x0000000100000000)
  eden space 23872K, 4% used [0x00000000e0e00000,0x00000000e0eeec28,0x00000000e2550000)
  from space 3968K, 0% used [0x00000000e2930000,0x00000000e2930000,0x00000000e2d10000)
  to   space 3968K, 0% used [0x00000000e2550000,0x00000000e2550000,0x00000000e2930000)
 PSOldGen        total 63744K, used 0K [0x00000000a2a00000, 0x00000000a6840000, 0x00000000e0e00000)
  object space 63744K, 0% used [0x00000000a2a00000,0x00000000a2a00000,0x00000000a6840000)
 PSPermGen       total 21248K, used 4540K [0x0000000098400000, 0x00000000998c0000, 0x00000000a2a00000)
  object space 21248K, 21% used [0x0000000098400000,0x000000009886f020,0x00000000998c0000)

Code Cache  [0x00007f1c2a000000, 0x00007f1c2a270000, 0x00007f1c30000000)
 total_blobs=302 nmethods=75 adapters=149 free_code_cache=99800064 largest_free_block=11392

Dynamic libraries:
00400000-00409000 r-xp 00000000 08:21 4068246                            /usr/lib/jvm/java-6-openjdk-amd64/jre/bin/java
00608000-00609000 r--p 00008000 08:21 4068246                            /usr/lib/jvm/java-6-openjdk-amd64/jre/bin/java
00609000-0060a000 rw-p 00009000 08:21 4068246                            /usr/lib/jvm/java-6-openjdk-amd64/jre/bin/java
02355000-02376000 rw-p 00000000 00:00 0                                  [heap]
98400000-998c0000 rw-p 00000000 00:00 0 
998c0000-a2a00000 rw-p 00000000 00:00 0 
a2a00000-a6840000 rw-p 00000000 00:00 0 
a6840000-e0e00000 rw-p 00000000 00:00 0 
e0e00000-e2d10000 rw-p 00000000 00:00 0 
e2d10000-100000000 rw-p 00000000 00:00 0 
7f1bfc000000-7f1bfc021000 rw-p 00000000 00:00 0 
7f1bfc021000-7f1c00000000 ---p 00000000 00:00 0 
7f1c00000000-7f1c00021000 rw-p 00000000 00:00 0 
7f1c00021000-7f1c04000000 ---p 00000000 00:00 0 
7f1c04000000-7f1c04021000 rw-p 00000000 00:00 0 
7f1c04021000-7f1c08000000 ---p 00000000 00:00 0 
7f1c08000000-7f1c080db000 rw-p 00000000 00:00 0 
7f1c080db000-7f1c0c000000 ---p 00000000 00:00 0 
7f1c0c000000-7f1c0c021000 rw-p 00000000 00:00 0 
7f1c0c021000-7f1c10000000 ---p 00000000 00:00 0 
7f1c10000000-7f1c10021000 rw-p 00000000 00:00 0 
7f1c10021000-7f1c14000000 ---p 00000000 00:00 0 
7f1c14000000-7f1c14021000 rw-p 00000000 00:00 0 
7f1c14021000-7f1c18000000 ---p 00000000 00:00 0 
7f1c18000000-7f1c18021000 rw-p 00000000 00:00 0 
7f1c18021000-7f1c1c000000 ---p 00000000 00:00 0 
7f1c1c000000-7f1c1c021000 rw-p 00000000 00:00 0 
7f1c1c021000-7f1c20000000 ---p 00000000 00:00 0 
7f1c20000000-7f1c20021000 rw-p 00000000 00:00 0 
7f1c20021000-7f1c24000000 ---p 00000000 00:00 0 
7f1c24000000-7f1c24021000 rw-p 00000000 00:00 0 
7f1c24021000-7f1c28000000 ---p 00000000 00:00 0 
7f1c29519000-7f1c2951a000 ---p 00000000 00:00 0 
7f1c2951a000-7f1c2961a000 rw-p 00000000 00:00 0 
7f1c2961a000-7f1c2961d000 ---p 00000000 00:00 0 
7f1c2961d000-7f1c2971b000 rw-p 00000000 00:00 0 
7f1c2971b000-7f1c2971e000 ---p 00000000 00:00 0 
7f1c2971e000-7f1c2981c000 rw-p 00000000 00:00 0 
7f1c2981c000-7f1c2981f000 ---p 00000000 00:00 0 
7f1c2981f000-7f1c2991d000 rw-p 00000000 00:00 0 
7f1c2991d000-7f1c2a000000 r--p 00000000 08:21 1841926                    /usr/lib/locale/locale-archive
7f1c2a000000-7f1c2a270000 rwxp 00000000 00:00 0 
7f1c2a270000-7f1c30136000 rw-p 00000000 00:00 0 
7f1c30136000-7f1c34000000 ---p 00000000 00:00 0 
7f1c34065000-7f1c34068000 ---p 00000000 00:00 0 
7f1c34068000-7f1c34166000 rw-p 00000000 00:00 0 
7f1c34166000-7f1c34169000 ---p 00000000 00:00 0 
7f1c34169000-7f1c34267000 rw-p 00000000 00:00 0 
7f1c34267000-7f1c3426a000 ---p 00000000 00:00 0 
7f1c3426a000-7f1c34368000 rw-p 00000000 00:00 0 
7f1c34368000-7f1c3436b000 ---p 00000000 00:00 0 
7f1c3436b000-7f1c34469000 rw-p 00000000 00:00 0 
7f1c34469000-7f1c3446a000 ---p 00000000 00:00 0 
7f1c3446a000-7f1c3486d000 rw-p 00000000 00:00 0 
7f1c3486d000-7f1c349fd000 r--s 037ba000 08:21 4068174                    /usr/lib/jvm/java-6-openjdk-amd64/jre/lib/rt.jar
7f1c349fd000-7f1c349fe000 ---p 00000000 00:00 0 
7f1c349fe000-7f1c34afe000 rw-p 00000000 00:00 0 
7f1c34afe000-7f1c34aff000 ---p 00000000 00:00 0 
7f1c34aff000-7f1c34c1f000 rw-p 00000000 00:00 0 
7f1c34c1f000-7f1c34df1000 rw-p 00000000 00:00 0 
7f1c34df1000-7f1c34dfc000 rw-p 00000000 00:00 0 
7f1c34dfc000-7f1c34e44000 rw-p 00000000 00:00 0 
7f1c34e44000-7f1c34e64000 rw-p 00000000 00:00 0 
7f1c34e64000-7f1c35036000 rw-p 00000000 00:00 0 
7f1c35036000-7f1c35046000 rw-p 00000000 00:00 0 
7f1c35046000-7f1c3512f000 rw-p 00000000 00:00 0 
7f1c3512f000-7f1c3513a000 rw-p 00000000 00:00 0 
7f1c3513a000-7f1c352b0000 rw-p 00000000 00:00 0 
7f1c352b0000-7f1c352b7000 r-xp 00000000 08:21 4068211                    /usr/lib/jvm/java-6-openjdk-amd64/jre/lib/amd64/libzip.so
7f1c352b7000-7f1c354b6000 ---p 00007000 08:21 4068211                    /usr/lib/jvm/java-6-openjdk-amd64/jre/lib/amd64/libzip.so
7f1c354b6000-7f1c354b7000 r--p 00006000 08:21 4068211                    /usr/lib/jvm/java-6-openjdk-amd64/jre/lib/amd64/libzip.so
7f1c354b7000-7f1c354b8000 rw-p 00007000 08:21 4068211                    /usr/lib/jvm/java-6-openjdk-amd64/jre/lib/amd64/libzip.so
7f1c354b8000-7f1c354c4000 r-xp 00000000 08:21 2895147                    /lib/x86_64-linux-gnu/libnss_files-2.15.so
7f1c354c4000-7f1c356c3000 ---p 0000c000 08:21 2895147                    /lib/x86_64-linux-gnu/libnss_files-2.15.so
7f1c356c3000-7f1c356c4000 r--p 0000b000 08:21 2895147                    /lib/x86_64-linux-gnu/libnss_files-2.15.so
7f1c356c4000-7f1c356c5000 rw-p 0000c000 08:21 2895147                    /lib/x86_64-linux-gnu/libnss_files-2.15.so
7f1c356c5000-7f1c356cf000 r-xp 00000000 08:21 2895148                    /lib/x86_64-linux-gnu/libnss_nis-2.15.so
7f1c356cf000-7f1c358cf000 ---p 0000a000 08:21 2895148                    /lib/x86_64-linux-gnu/libnss_nis-2.15.so
7f1c358cf000-7f1c358d0000 r--p 0000a000 08:21 2895148                    /lib/x86_64-linux-gnu/libnss_nis-2.15.so
7f1c358d0000-7f1c358d1000 rw-p 0000b000 08:21 2895148                    /lib/x86_64-linux-gnu/libnss_nis-2.15.so
7f1c358d1000-7f1c358e8000 r-xp 00000000 08:21 2884531                    /lib/x86_64-linux-gnu/libnsl-2.15.so
7f1c358e8000-7f1c35ae7000 ---p 00017000 08:21 2884531                    /lib/x86_64-linux-gnu/libnsl-2.15.so
7f1c35ae7000-7f1c35ae8000 r--p 00016000 08:21 2884531                    /lib/x86_64-linux-gnu/libnsl-2.15.so
7f1c35ae8000-7f1c35ae9000 rw-p 00017000 08:21 2884531                    /lib/x86_64-linux-gnu/libnsl-2.15.so
7f1c35ae9000-7f1c35aeb000 rw-p 00000000 00:00 0 
7f1c35aeb000-7f1c35af3000 r-xp 00000000 08:21 2895150                    /lib/x86_64-linux-gnu/libnss_compat-2.15.so
7f1c35af3000-7f1c35cf2000 ---p 00008000 08:21 2895150                    /lib/x86_64-linux-gnu/libnss_compat-2.15.so
7f1c35cf2000-7f1c35cf3000 r--p 00007000 08:21 2895150                    /lib/x86_64-linux-gnu/libnss_compat-2.15.so
7f1c35cf3000-7f1c35cf4000 rw-p 00008000 08:21 2895150                    /lib/x86_64-linux-gnu/libnss_compat-2.15.so
7f1c35cf4000-7f1c35d20000 r-xp 00000000 08:21 4068194                    /usr/lib/jvm/java-6-openjdk-amd64/jre/lib/amd64/libjava.so
7f1c35d20000-7f1c35f1f000 ---p 0002c000 08:21 4068194                    /usr/lib/jvm/java-6-openjdk-amd64/jre/lib/amd64/libjava.so
7f1c35f1f000-7f1c35f20000 r--p 0002b000 08:21 4068194                    /usr/lib/jvm/java-6-openjdk-amd64/jre/lib/amd64/libjava.so
7f1c35f20000-7f1c35f23000 rw-p 0002c000 08:21 4068194                    /usr/lib/jvm/java-6-openjdk-amd64/jre/lib/amd64/libjava.so
7f1c35f23000-7f1c35f31000 r-xp 00000000 08:21 4068210                    /usr/lib/jvm/java-6-openjdk-amd64/jre/lib/amd64/libverify.so
7f1c35f31000-7f1c36130000 ---p 0000e000 08:21 4068210                    /usr/lib/jvm/java-6-openjdk-amd64/jre/lib/amd64/libverify.so
7f1c36130000-7f1c36132000 r--p 0000d000 08:21 4068210                    /usr/lib/jvm/java-6-openjdk-amd64/jre/lib/amd64/libverify.so
7f1c36132000-7f1c36133000 rw-p 0000f000 08:21 4068210                    /usr/lib/jvm/java-6-openjdk-amd64/jre/lib/amd64/libverify.so
7f1c36133000-7f1c3613a000 r-xp 00000000 08:21 2887277                    /lib/x86_64-linux-gnu/librt-2.15.so
7f1c3613a000-7f1c36339000 ---p 00007000 08:21 2887277                    /lib/x86_64-linux-gnu/librt-2.15.so
7f1c36339000-7f1c3633a000 r--p 00006000 08:21 2887277                    /lib/x86_64-linux-gnu/librt-2.15.so
7f1c3633a000-7f1c3633b000 rw-p 00007000 08:21 2887277                    /lib/x86_64-linux-gnu/librt-2.15.so
7f1c3633b000-7f1c36350000 r-xp 00000000 08:21 2887446                    /lib/x86_64-linux-gnu/libgcc_s.so.1
7f1c36350000-7f1c3654f000 ---p 00015000 08:21 2887446                    /lib/x86_64-linux-gnu/libgcc_s.so.1
7f1c3654f000-7f1c36550000 r--p 00014000 08:21 2887446                    /lib/x86_64-linux-gnu/libgcc_s.so.1
7f1c36550000-7f1c36551000 rw-p 00015000 08:21 2887446                    /lib/x86_64-linux-gnu/libgcc_s.so.1
7f1c36551000-7f1c3664a000 r-xp 00000000 08:21 2883652                    /lib/x86_64-linux-gnu/libm-2.15.so
7f1c3664a000-7f1c36849000 ---p 000f9000 08:21 2883652                    /lib/x86_64-linux-gnu/libm-2.15.so
7f1c36849000-7f1c3684a000 r--p 000f8000 08:21 2883652                    /lib/x86_64-linux-gnu/libm-2.15.so
7f1c3684a000-7f1c3684b000 rw-p 000f9000 08:21 2883652                    /lib/x86_64-linux-gnu/libm-2.15.so
7f1c3684b000-7f1c3692d000 r-xp 00000000 08:21 1835353                    /usr/lib/x86_64-linux-gnu/libstdc++.so.6.0.16
7f1c3692d000-7f1c36b2c000 ---p 000e2000 08:21 1835353                    /usr/lib/x86_64-linux-gnu/libstdc++.so.6.0.16
7f1c36b2c000-7f1c36b34000 r--p 000e1000 08:21 1835353                    /usr/lib/x86_64-linux-gnu/libstdc++.so.6.0.16
7f1c36b34000-7f1c36b36000 rw-p 000e9000 08:21 1835353                    /usr/lib/x86_64-linux-gnu/libstdc++.so.6.0.16
7f1c36b36000-7f1c36b4b000 rw-p 00000000 00:00 0 
7f1c36b4b000-7f1c3744f000 r-xp 00000000 08:21 4068215                    /usr/lib/jvm/java-6-openjdk-amd64/jre/lib/amd64/server/libjvm.so
7f1c3744f000-7f1c3764f000 ---p 00904000 08:21 4068215                    /usr/lib/jvm/java-6-openjdk-amd64/jre/lib/amd64/server/libjvm.so
7f1c3764f000-7f1c376cf000 r--p 00904000 08:21 4068215                    /usr/lib/jvm/java-6-openjdk-amd64/jre/lib/amd64/server/libjvm.so
7f1c376cf000-7f1c376ea000 rw-p 00984000 08:21 4068215                    /usr/lib/jvm/java-6-openjdk-amd64/jre/lib/amd64/server/libjvm.so
7f1c376ea000-7f1c37713000 rw-p 00000000 00:00 0 
7f1c37713000-7f1c37729000 r-xp 00000000 08:21 2887455                    /lib/x86_64-linux-gnu/libz.so.1.2.3.4
7f1c37729000-7f1c37928000 ---p 00016000 08:21 2887455                    /lib/x86_64-linux-gnu/libz.so.1.2.3.4
7f1c37928000-7f1c37929000 r--p 00015000 08:21 2887455                    /lib/x86_64-linux-gnu/libz.so.1.2.3.4
7f1c37929000-7f1c3792a000 rw-p 00016000 08:21 2887455                    /lib/x86_64-linux-gnu/libz.so.1.2.3.4
7f1c3792a000-7f1c37add000 r-xp 00000000 08:21 2883653                    /lib/x86_64-linux-gnu/libc-2.15.so
7f1c37add000-7f1c37cdc000 ---p 001b3000 08:21 2883653                    /lib/x86_64-linux-gnu/libc-2.15.so
7f1c37cdc000-7f1c37ce0000 r--p 001b2000 08:21 2883653                    /lib/x86_64-linux-gnu/libc-2.15.so
7f1c37ce0000-7f1c37ce2000 rw-p 001b6000 08:21 2883653                    /lib/x86_64-linux-gnu/libc-2.15.so
7f1c37ce2000-7f1c37ce7000 rw-p 00000000 00:00 0 
7f1c37ce7000-7f1c37ce9000 r-xp 00000000 08:21 2895154                    /lib/x86_64-linux-gnu/libdl-2.15.so
7f1c37ce9000-7f1c37ee9000 ---p 00002000 08:21 2895154                    /lib/x86_64-linux-gnu/libdl-2.15.so
7f1c37ee9000-7f1c37eea000 r--p 00002000 08:21 2895154                    /lib/x86_64-linux-gnu/libdl-2.15.so
7f1c37eea000-7f1c37eeb000 rw-p 00003000 08:21 2895154                    /lib/x86_64-linux-gnu/libdl-2.15.so
7f1c37eeb000-7f1c37eef000 r-xp 00000000 08:21 4068182                    /usr/lib/jvm/java-6-openjdk-amd64/jre/lib/amd64/jli/libjli.so
7f1c37eef000-7f1c380ee000 ---p 00004000 08:21 4068182                    /usr/lib/jvm/java-6-openjdk-amd64/jre/lib/amd64/jli/libjli.so
7f1c380ee000-7f1c380ef000 r--p 00003000 08:21 4068182                    /usr/lib/jvm/java-6-openjdk-amd64/jre/lib/amd64/jli/libjli.so
7f1c380ef000-7f1c380f0000 rw-p 00004000 08:21 4068182                    /usr/lib/jvm/java-6-openjdk-amd64/jre/lib/amd64/jli/libjli.so
7f1c380f0000-7f1c38108000 r-xp 00000000 08:21 2895158                    /lib/x86_64-linux-gnu/libpthread-2.15.so
7f1c38108000-7f1c38307000 ---p 00018000 08:21 2895158                    /lib/x86_64-linux-gnu/libpthread-2.15.so
7f1c38307000-7f1c38308000 r--p 00017000 08:21 2895158                    /lib/x86_64-linux-gnu/libpthread-2.15.so
7f1c38308000-7f1c38309000 rw-p 00018000 08:21 2895158                    /lib/x86_64-linux-gnu/libpthread-2.15.so
7f1c38309000-7f1c3830d000 rw-p 00000000 00:00 0 
7f1c3830d000-7f1c3832f000 r-xp 00000000 08:21 2884529                    /lib/x86_64-linux-gnu/ld-2.15.so
7f1c38336000-7f1c38338000 r--s 00008000 08:21 2110221                    /usr/share/java/asm3-commons-3.3.2.jar
7f1c38338000-7f1c38339000 r--s 0000a000 08:21 2110219                    /usr/share/java/asm3-3.3.2.jar
7f1c38339000-7f1c38367000 r--s 002d2000 08:21 2110235                    /usr/share/java/clojure-1.2.1.jar
7f1c38367000-7f1c383cd000 rw-p 00000000 00:00 0 
7f1c383cd000-7f1c38415000 rw-p 00000000 00:00 0 
7f1c38415000-7f1c38418000 ---p 00000000 00:00 0 
7f1c38418000-7f1c3851b000 rw-p 00000000 00:00 0 
7f1c3851c000-7f1c38523000 r--s 000fb000 08:21 2228765                    /usr/lib/jvm/java-6-openjdk-common/jre/lib/resources.jar
7f1c38523000-7f1c3852b000 rw-s 00000000 08:21 3148943                    /tmp/hsperfdata_gjcourt/6870
7f1c3852b000-7f1c3852c000 rw-p 00000000 00:00 0 
7f1c3852c000-7f1c3852d000 r--p 00000000 00:00 0 
7f1c3852d000-7f1c3852f000 rw-p 00000000 00:00 0 
7f1c3852f000-7f1c38530000 r--p 00022000 08:21 2884529                    /lib/x86_64-linux-gnu/ld-2.15.so
7f1c38530000-7f1c38532000 rw-p 00023000 08:21 2884529                    /lib/x86_64-linux-gnu/ld-2.15.so
7fffb4b5e000-7fffb4b80000 rw-p 00000000 00:00 0                          [stack]
7fffb4bff000-7fffb4c00000 r-xp 00000000 00:00 0                          [vdso]
ffffffffff600000-ffffffffff601000 r-xp 00000000 00:00 0                  [vsyscall]

VM Arguments:
jvm_args: -Xbootclasspath/a:/usr/share/java/clojure-1.2.jar:/usr/share/java/asm3.jar:/usr/share/java/asm3-commons.jar -XX:+TieredCompilation -Dleiningen.original.pwd=/media/storage/Dropbox/projects/parkmate/parkmate -Dleiningen.trampoline-file=/tmp/lein-trampoline-6847 
java_command: clojure.main -e (use 'leiningen.core)(-main) /dev/null repl
Launcher Type: SUN_STANDARD

Environment Variables:
PATH=/usr/lib/lightdm/lightdm:/usr/local/sbin:/usr/local/bin:/usr/sbin:/usr/bin:/sbin:/bin:/usr/games
LD_LIBRARY_PATH=/usr/lib/jvm/java-6-openjdk-amd64/jre/lib/amd64/server:/usr/lib/jvm/java-6-openjdk-amd64/jre/lib/amd64:/usr/lib/jvm/java-6-openjdk-amd64/jre/../lib/amd64
SHELL=/bin/bash
DISPLAY=:0

Signal Handlers:
SIGSEGV: [libjvm.so+0x7842c0], sa_mask[0]=0x7ffbfeff, sa_flags=0x10000004
SIGBUS: [libjvm.so+0x7842c0], sa_mask[0]=0x7ffbfeff, sa_flags=0x10000004
SIGFPE: [libjvm.so+0x648540], sa_mask[0]=0x7ffbfeff, sa_flags=0x10000004
SIGPIPE: [libjvm.so+0x648540], sa_mask[0]=0x7ffbfeff, sa_flags=0x10000004
SIGXFSZ: [libjvm.so+0x648540], sa_mask[0]=0x7ffbfeff, sa_flags=0x10000004
SIGILL: [libjvm.so+0x648540], sa_mask[0]=0x7ffbfeff, sa_flags=0x10000004
SIGUSR1: SIG_DFL, sa_mask[0]=0x00000000, sa_flags=0x00000000
SIGUSR2: [libjvm.so+0x6486f0], sa_mask[0]=0x00000000, sa_flags=0x10000004
SIGHUP: [libjvm.so+0x64b210], sa_mask[0]=0x7ffbfeff, sa_flags=0x10000004
SIGINT: [libjvm.so+0x64b210], sa_mask[0]=0x7ffbfeff, sa_flags=0x10000004
SIGTERM: [libjvm.so+0x64b210], sa_mask[0]=0x7ffbfeff, sa_flags=0x10000004
SIGQUIT: [libjvm.so+0x64b210], sa_mask[0]=0x7ffbfeff, sa_flags=0x10000004


---------------  S Y S T E M  ---------------

OS:Ubuntu 12.04 (precise)
uname:Linux 3.2.0-24-generic #37-Ubuntu SMP Wed Apr 25 08:43:22 UTC 2012 x86_64
libc:glibc 2.15 NPTL 2.15 
rlimit: STACK 8192k, CORE 0k, NPROC 47572, NOFILE 4096, AS infinity
load average:1.39 1.17 1.06

/proc/meminfo:
MemTotal:        6112976 kB
MemFree:         3100216 kB
Buffers:          242568 kB
Cached:          1048308 kB
SwapCached:            0 kB
Active:          1929724 kB
Inactive:         767636 kB
Active(anon):    1407508 kB
Inactive(anon):     1300 kB
Active(file):     522216 kB
Inactive(file):   766336 kB
Unevictable:          68 kB
Mlocked:              68 kB
SwapTotal:       6288380 kB
SwapFree:        6288380 kB
Dirty:               168 kB
Writeback:             0 kB
AnonPages:       1406548 kB
Mapped:           177516 kB
Shmem:              2336 kB
Slab:             157500 kB
SReclaimable:     118768 kB
SUnreclaim:        38732 kB
KernelStack:        3608 kB
PageTables:        35228 kB
NFS_Unstable:          0 kB
Bounce:                0 kB
WritebackTmp:          0 kB
CommitLimit:     9344868 kB
Committed_AS:    4177212 kB
VmallocTotal:   34359738367 kB
VmallocUsed:      325844 kB
VmallocChunk:   34359402492 kB
HardwareCorrupted:     0 kB
AnonHugePages:         0 kB
HugePages_Total:       0
HugePages_Free:        0
HugePages_Rsvd:        0
HugePages_Surp:        0
Hugepagesize:       2048 kB
DirectMap4k:      172992 kB
DirectMap2M:     6117376 kB


CPU:total 2 (2 cores per cpu, 1 threads per core) family 6 model 23 stepping 10, cmov, cx8, fxsr, mmx, sse, sse2, sse3, ssse3, sse4.1

Memory: 4k page, physical 6112976k(3100216k free), swap 6288380k(6288380k free)

vm_info: OpenJDK 64-Bit Server VM (20.0-b12) for linux-amd64 JRE (1.6.0_24-b24), built on Apr 21 2012 01:49:27 by "buildd" with gcc 4.6.3

time: Sat Jun 30 23:13:23 2012
elapsed time: 0 seconds

